[2021-08-02 03:12:01,738] {scheduler_job.py:181} INFO - Started process (PID=84050) to work on /Users/chuck/dev/DataEngineering.Labs.AirflowProject/airflow/lib/python3.9/site-packages/airflow/example_dags/subdags/subdag.py
[2021-08-02 03:12:01,739] {scheduler_job.py:632} INFO - Processing file /Users/chuck/dev/DataEngineering.Labs.AirflowProject/airflow/lib/python3.9/site-packages/airflow/example_dags/subdags/subdag.py for tasks to queue
[2021-08-02 03:12:01,739] {logging_mixin.py:104} INFO - [2021-08-02 03:12:01,739] {dagbag.py:496} INFO - Filling up the DagBag from /Users/chuck/dev/DataEngineering.Labs.AirflowProject/airflow/lib/python3.9/site-packages/airflow/example_dags/subdags/subdag.py
[2021-08-02 03:12:01,743] {scheduler_job.py:644} WARNING - No viable dags retrieved from /Users/chuck/dev/DataEngineering.Labs.AirflowProject/airflow/lib/python3.9/site-packages/airflow/example_dags/subdags/subdag.py
[2021-08-02 03:12:01,772] {scheduler_job.py:189} INFO - Processing /Users/chuck/dev/DataEngineering.Labs.AirflowProject/airflow/lib/python3.9/site-packages/airflow/example_dags/subdags/subdag.py took 0.034 seconds
[2021-08-02 03:13:38,371] {scheduler_job.py:181} INFO - Started process (PID=84115) to work on /Users/chuck/dev/DataEngineering.Labs.AirflowProject/airflow/lib/python3.9/site-packages/airflow/example_dags/subdags/subdag.py
[2021-08-02 03:13:38,373] {scheduler_job.py:632} INFO - Processing file /Users/chuck/dev/DataEngineering.Labs.AirflowProject/airflow/lib/python3.9/site-packages/airflow/example_dags/subdags/subdag.py for tasks to queue
[2021-08-02 03:13:38,373] {logging_mixin.py:104} INFO - [2021-08-02 03:13:38,373] {dagbag.py:496} INFO - Filling up the DagBag from /Users/chuck/dev/DataEngineering.Labs.AirflowProject/airflow/lib/python3.9/site-packages/airflow/example_dags/subdags/subdag.py
[2021-08-02 03:13:38,377] {scheduler_job.py:644} WARNING - No viable dags retrieved from /Users/chuck/dev/DataEngineering.Labs.AirflowProject/airflow/lib/python3.9/site-packages/airflow/example_dags/subdags/subdag.py
[2021-08-02 03:13:38,416] {scheduler_job.py:189} INFO - Processing /Users/chuck/dev/DataEngineering.Labs.AirflowProject/airflow/lib/python3.9/site-packages/airflow/example_dags/subdags/subdag.py took 0.045 seconds
[2021-08-02 03:15:02,588] {scheduler_job.py:181} INFO - Started process (PID=84182) to work on /Users/chuck/dev/DataEngineering.Labs.AirflowProject/airflow/lib/python3.9/site-packages/airflow/example_dags/subdags/subdag.py
[2021-08-02 03:15:02,589] {scheduler_job.py:632} INFO - Processing file /Users/chuck/dev/DataEngineering.Labs.AirflowProject/airflow/lib/python3.9/site-packages/airflow/example_dags/subdags/subdag.py for tasks to queue
[2021-08-02 03:15:02,590] {logging_mixin.py:104} INFO - [2021-08-02 03:15:02,590] {dagbag.py:496} INFO - Filling up the DagBag from /Users/chuck/dev/DataEngineering.Labs.AirflowProject/airflow/lib/python3.9/site-packages/airflow/example_dags/subdags/subdag.py
[2021-08-02 03:15:02,592] {scheduler_job.py:644} WARNING - No viable dags retrieved from /Users/chuck/dev/DataEngineering.Labs.AirflowProject/airflow/lib/python3.9/site-packages/airflow/example_dags/subdags/subdag.py
[2021-08-02 03:15:02,622] {scheduler_job.py:189} INFO - Processing /Users/chuck/dev/DataEngineering.Labs.AirflowProject/airflow/lib/python3.9/site-packages/airflow/example_dags/subdags/subdag.py took 0.035 seconds
[2021-08-02 03:16:15,599] {scheduler_job.py:181} INFO - Started process (PID=84233) to work on /Users/chuck/dev/DataEngineering.Labs.AirflowProject/airflow/lib/python3.9/site-packages/airflow/example_dags/subdags/subdag.py
[2021-08-02 03:16:15,600] {scheduler_job.py:632} INFO - Processing file /Users/chuck/dev/DataEngineering.Labs.AirflowProject/airflow/lib/python3.9/site-packages/airflow/example_dags/subdags/subdag.py for tasks to queue
[2021-08-02 03:16:15,600] {logging_mixin.py:104} INFO - [2021-08-02 03:16:15,600] {dagbag.py:496} INFO - Filling up the DagBag from /Users/chuck/dev/DataEngineering.Labs.AirflowProject/airflow/lib/python3.9/site-packages/airflow/example_dags/subdags/subdag.py
[2021-08-02 03:16:15,603] {scheduler_job.py:644} WARNING - No viable dags retrieved from /Users/chuck/dev/DataEngineering.Labs.AirflowProject/airflow/lib/python3.9/site-packages/airflow/example_dags/subdags/subdag.py
[2021-08-02 03:16:15,631] {scheduler_job.py:189} INFO - Processing /Users/chuck/dev/DataEngineering.Labs.AirflowProject/airflow/lib/python3.9/site-packages/airflow/example_dags/subdags/subdag.py took 0.033 seconds
[2021-08-02 03:16:58,897] {scheduler_job.py:181} INFO - Started process (PID=84268) to work on /Users/chuck/dev/DataEngineering.Labs.AirflowProject/airflow/lib/python3.9/site-packages/airflow/example_dags/subdags/subdag.py
[2021-08-02 03:16:58,898] {scheduler_job.py:632} INFO - Processing file /Users/chuck/dev/DataEngineering.Labs.AirflowProject/airflow/lib/python3.9/site-packages/airflow/example_dags/subdags/subdag.py for tasks to queue
[2021-08-02 03:16:58,899] {logging_mixin.py:104} INFO - [2021-08-02 03:16:58,899] {dagbag.py:496} INFO - Filling up the DagBag from /Users/chuck/dev/DataEngineering.Labs.AirflowProject/airflow/lib/python3.9/site-packages/airflow/example_dags/subdags/subdag.py
[2021-08-02 03:16:58,900] {scheduler_job.py:644} WARNING - No viable dags retrieved from /Users/chuck/dev/DataEngineering.Labs.AirflowProject/airflow/lib/python3.9/site-packages/airflow/example_dags/subdags/subdag.py
[2021-08-02 03:16:58,926] {scheduler_job.py:189} INFO - Processing /Users/chuck/dev/DataEngineering.Labs.AirflowProject/airflow/lib/python3.9/site-packages/airflow/example_dags/subdags/subdag.py took 0.029 seconds
[2021-08-02 03:17:38,940] {scheduler_job.py:181} INFO - Started process (PID=84310) to work on /Users/chuck/dev/DataEngineering.Labs.AirflowProject/airflow/lib/python3.9/site-packages/airflow/example_dags/subdags/subdag.py
[2021-08-02 03:17:38,941] {scheduler_job.py:632} INFO - Processing file /Users/chuck/dev/DataEngineering.Labs.AirflowProject/airflow/lib/python3.9/site-packages/airflow/example_dags/subdags/subdag.py for tasks to queue
[2021-08-02 03:17:38,941] {logging_mixin.py:104} INFO - [2021-08-02 03:17:38,941] {dagbag.py:496} INFO - Filling up the DagBag from /Users/chuck/dev/DataEngineering.Labs.AirflowProject/airflow/lib/python3.9/site-packages/airflow/example_dags/subdags/subdag.py
[2021-08-02 03:17:38,944] {scheduler_job.py:644} WARNING - No viable dags retrieved from /Users/chuck/dev/DataEngineering.Labs.AirflowProject/airflow/lib/python3.9/site-packages/airflow/example_dags/subdags/subdag.py
[2021-08-02 03:17:38,975] {scheduler_job.py:189} INFO - Processing /Users/chuck/dev/DataEngineering.Labs.AirflowProject/airflow/lib/python3.9/site-packages/airflow/example_dags/subdags/subdag.py took 0.036 seconds
