[2021-08-02 03:13:24,864] {scheduler_job.py:181} INFO - Started process (PID=84095) to work on /Users/chuck/dev/DataEngineering.Labs.AirflowProject/airflow/lib/python3.9/site-packages/airflow/example_dags/example_branch_datetime_operator.py
[2021-08-02 03:13:24,865] {scheduler_job.py:632} INFO - Processing file /Users/chuck/dev/DataEngineering.Labs.AirflowProject/airflow/lib/python3.9/site-packages/airflow/example_dags/example_branch_datetime_operator.py for tasks to queue
[2021-08-02 03:13:24,865] {logging_mixin.py:104} INFO - [2021-08-02 03:13:24,865] {dagbag.py:496} INFO - Filling up the DagBag from /Users/chuck/dev/DataEngineering.Labs.AirflowProject/airflow/lib/python3.9/site-packages/airflow/example_dags/example_branch_datetime_operator.py
[2021-08-02 03:13:24,893] {scheduler_job.py:642} INFO - DAG(s) dict_keys(['example_branch_datetime_operator_2']) retrieved from /Users/chuck/dev/DataEngineering.Labs.AirflowProject/airflow/lib/python3.9/site-packages/airflow/example_dags/example_branch_datetime_operator.py
[2021-08-02 03:13:25,536] {logging_mixin.py:104} INFO - [2021-08-02 03:13:25,535] {dag.py:1833} INFO - Sync 1 DAGs
[2021-08-02 03:13:25,554] {logging_mixin.py:104} INFO - [2021-08-02 03:13:25,554] {dag.py:2306} INFO - Setting next_dagrun for example_branch_datetime_operator_2 to 2021-07-31 00:00:00+00:00
[2021-08-02 03:13:25,569] {scheduler_job.py:189} INFO - Processing /Users/chuck/dev/DataEngineering.Labs.AirflowProject/airflow/lib/python3.9/site-packages/airflow/example_dags/example_branch_datetime_operator.py took 0.706 seconds
[2021-08-02 03:16:08,509] {scheduler_job.py:181} INFO - Started process (PID=84230) to work on /Users/chuck/dev/DataEngineering.Labs.AirflowProject/airflow/lib/python3.9/site-packages/airflow/example_dags/example_branch_datetime_operator.py
[2021-08-02 03:16:08,510] {scheduler_job.py:632} INFO - Processing file /Users/chuck/dev/DataEngineering.Labs.AirflowProject/airflow/lib/python3.9/site-packages/airflow/example_dags/example_branch_datetime_operator.py for tasks to queue
[2021-08-02 03:16:08,511] {logging_mixin.py:104} INFO - [2021-08-02 03:16:08,511] {dagbag.py:496} INFO - Filling up the DagBag from /Users/chuck/dev/DataEngineering.Labs.AirflowProject/airflow/lib/python3.9/site-packages/airflow/example_dags/example_branch_datetime_operator.py
[2021-08-02 03:16:08,520] {scheduler_job.py:642} INFO - DAG(s) dict_keys(['example_branch_datetime_operator_2']) retrieved from /Users/chuck/dev/DataEngineering.Labs.AirflowProject/airflow/lib/python3.9/site-packages/airflow/example_dags/example_branch_datetime_operator.py
[2021-08-02 03:16:08,553] {logging_mixin.py:104} INFO - [2021-08-02 03:16:08,553] {dag.py:1833} INFO - Sync 1 DAGs
[2021-08-02 03:16:08,563] {logging_mixin.py:104} INFO - [2021-08-02 03:16:08,563] {dag.py:2306} INFO - Setting next_dagrun for example_branch_datetime_operator_2 to 2021-07-31 00:00:00+00:00
[2021-08-02 03:16:08,571] {scheduler_job.py:189} INFO - Processing /Users/chuck/dev/DataEngineering.Labs.AirflowProject/airflow/lib/python3.9/site-packages/airflow/example_dags/example_branch_datetime_operator.py took 0.063 seconds
[2021-08-02 03:17:30,229] {scheduler_job.py:181} INFO - Started process (PID=84305) to work on /Users/chuck/dev/DataEngineering.Labs.AirflowProject/airflow/lib/python3.9/site-packages/airflow/example_dags/example_branch_datetime_operator.py
[2021-08-02 03:17:30,230] {scheduler_job.py:632} INFO - Processing file /Users/chuck/dev/DataEngineering.Labs.AirflowProject/airflow/lib/python3.9/site-packages/airflow/example_dags/example_branch_datetime_operator.py for tasks to queue
[2021-08-02 03:17:30,231] {logging_mixin.py:104} INFO - [2021-08-02 03:17:30,231] {dagbag.py:496} INFO - Filling up the DagBag from /Users/chuck/dev/DataEngineering.Labs.AirflowProject/airflow/lib/python3.9/site-packages/airflow/example_dags/example_branch_datetime_operator.py
[2021-08-02 03:17:30,243] {scheduler_job.py:642} INFO - DAG(s) dict_keys(['example_branch_datetime_operator_2']) retrieved from /Users/chuck/dev/DataEngineering.Labs.AirflowProject/airflow/lib/python3.9/site-packages/airflow/example_dags/example_branch_datetime_operator.py
[2021-08-02 03:17:30,293] {logging_mixin.py:104} INFO - [2021-08-02 03:17:30,293] {dag.py:1833} INFO - Sync 1 DAGs
[2021-08-02 03:17:30,309] {logging_mixin.py:104} INFO - [2021-08-02 03:17:30,309] {dag.py:2306} INFO - Setting next_dagrun for example_branch_datetime_operator_2 to 2021-07-31 00:00:00+00:00
[2021-08-02 03:17:30,321] {scheduler_job.py:189} INFO - Processing /Users/chuck/dev/DataEngineering.Labs.AirflowProject/airflow/lib/python3.9/site-packages/airflow/example_dags/example_branch_datetime_operator.py took 0.093 seconds
