[2021-08-02 03:12:58,701] {scheduler_job.py:181} INFO - Started process (PID=84083) to work on /Users/chuck/dev/DataEngineering.Labs.AirflowProject/airflow/lib/python3.9/site-packages/airflow/example_dags/example_kubernetes_executor_config.py
[2021-08-02 03:12:58,701] {scheduler_job.py:632} INFO - Processing file /Users/chuck/dev/DataEngineering.Labs.AirflowProject/airflow/lib/python3.9/site-packages/airflow/example_dags/example_kubernetes_executor_config.py for tasks to queue
[2021-08-02 03:12:58,702] {logging_mixin.py:104} INFO - [2021-08-02 03:12:58,701] {dagbag.py:496} INFO - Filling up the DagBag from /Users/chuck/dev/DataEngineering.Labs.AirflowProject/airflow/lib/python3.9/site-packages/airflow/example_dags/example_kubernetes_executor_config.py
[2021-08-02 03:12:58,719] {logging_mixin.py:104} INFO - [2021-08-02 03:12:58,719] {example_kubernetes_executor_config.py:175} WARNING - Could not import DAGs in example_kubernetes_executor_config.py: No module named 'kubernetes'
[2021-08-02 03:12:58,719] {logging_mixin.py:104} INFO - [2021-08-02 03:12:58,719] {example_kubernetes_executor_config.py:176} WARNING - Install kubernetes dependencies with: pip install apache-airflow['cncf.kubernetes']
[2021-08-02 03:12:58,719] {scheduler_job.py:644} WARNING - No viable dags retrieved from /Users/chuck/dev/DataEngineering.Labs.AirflowProject/airflow/lib/python3.9/site-packages/airflow/example_dags/example_kubernetes_executor_config.py
[2021-08-02 03:12:58,750] {scheduler_job.py:189} INFO - Processing /Users/chuck/dev/DataEngineering.Labs.AirflowProject/airflow/lib/python3.9/site-packages/airflow/example_dags/example_kubernetes_executor_config.py took 0.050 seconds
[2021-08-02 03:14:37,675] {scheduler_job.py:181} INFO - Started process (PID=84164) to work on /Users/chuck/dev/DataEngineering.Labs.AirflowProject/airflow/lib/python3.9/site-packages/airflow/example_dags/example_kubernetes_executor_config.py
[2021-08-02 03:14:37,676] {scheduler_job.py:632} INFO - Processing file /Users/chuck/dev/DataEngineering.Labs.AirflowProject/airflow/lib/python3.9/site-packages/airflow/example_dags/example_kubernetes_executor_config.py for tasks to queue
[2021-08-02 03:14:37,676] {logging_mixin.py:104} INFO - [2021-08-02 03:14:37,676] {dagbag.py:496} INFO - Filling up the DagBag from /Users/chuck/dev/DataEngineering.Labs.AirflowProject/airflow/lib/python3.9/site-packages/airflow/example_dags/example_kubernetes_executor_config.py
[2021-08-02 03:14:37,683] {logging_mixin.py:104} INFO - [2021-08-02 03:14:37,683] {example_kubernetes_executor_config.py:175} WARNING - Could not import DAGs in example_kubernetes_executor_config.py: No module named 'kubernetes'
[2021-08-02 03:14:37,683] {logging_mixin.py:104} INFO - [2021-08-02 03:14:37,683] {example_kubernetes_executor_config.py:176} WARNING - Install kubernetes dependencies with: pip install apache-airflow['cncf.kubernetes']
[2021-08-02 03:14:37,684] {scheduler_job.py:644} WARNING - No viable dags retrieved from /Users/chuck/dev/DataEngineering.Labs.AirflowProject/airflow/lib/python3.9/site-packages/airflow/example_dags/example_kubernetes_executor_config.py
[2021-08-02 03:14:37,714] {scheduler_job.py:189} INFO - Processing /Users/chuck/dev/DataEngineering.Labs.AirflowProject/airflow/lib/python3.9/site-packages/airflow/example_dags/example_kubernetes_executor_config.py took 0.040 seconds
[2021-08-02 03:16:53,940] {scheduler_job.py:181} INFO - Started process (PID=84259) to work on /Users/chuck/dev/DataEngineering.Labs.AirflowProject/airflow/lib/python3.9/site-packages/airflow/example_dags/example_kubernetes_executor_config.py
[2021-08-02 03:16:53,941] {scheduler_job.py:632} INFO - Processing file /Users/chuck/dev/DataEngineering.Labs.AirflowProject/airflow/lib/python3.9/site-packages/airflow/example_dags/example_kubernetes_executor_config.py for tasks to queue
[2021-08-02 03:16:53,941] {logging_mixin.py:104} INFO - [2021-08-02 03:16:53,941] {dagbag.py:496} INFO - Filling up the DagBag from /Users/chuck/dev/DataEngineering.Labs.AirflowProject/airflow/lib/python3.9/site-packages/airflow/example_dags/example_kubernetes_executor_config.py
[2021-08-02 03:16:53,945] {logging_mixin.py:104} INFO - [2021-08-02 03:16:53,945] {example_kubernetes_executor_config.py:175} WARNING - Could not import DAGs in example_kubernetes_executor_config.py: No module named 'kubernetes'
[2021-08-02 03:16:53,945] {logging_mixin.py:104} INFO - [2021-08-02 03:16:53,945] {example_kubernetes_executor_config.py:176} WARNING - Install kubernetes dependencies with: pip install apache-airflow['cncf.kubernetes']
[2021-08-02 03:16:53,945] {scheduler_job.py:644} WARNING - No viable dags retrieved from /Users/chuck/dev/DataEngineering.Labs.AirflowProject/airflow/lib/python3.9/site-packages/airflow/example_dags/example_kubernetes_executor_config.py
[2021-08-02 03:16:53,971] {scheduler_job.py:189} INFO - Processing /Users/chuck/dev/DataEngineering.Labs.AirflowProject/airflow/lib/python3.9/site-packages/airflow/example_dags/example_kubernetes_executor_config.py took 0.032 seconds
