[2021-08-02 03:13:00,827] {scheduler_job.py:181} INFO - Started process (PID=84084) to work on /Users/chuck/dev/DataEngineering.Labs.AirflowProject/airflow/lib/python3.9/site-packages/airflow/example_dags/example_kubernetes_executor.py
[2021-08-02 03:13:00,828] {scheduler_job.py:632} INFO - Processing file /Users/chuck/dev/DataEngineering.Labs.AirflowProject/airflow/lib/python3.9/site-packages/airflow/example_dags/example_kubernetes_executor.py for tasks to queue
[2021-08-02 03:13:00,828] {logging_mixin.py:104} INFO - [2021-08-02 03:13:00,828] {dagbag.py:496} INFO - Filling up the DagBag from /Users/chuck/dev/DataEngineering.Labs.AirflowProject/airflow/lib/python3.9/site-packages/airflow/example_dags/example_kubernetes_executor.py
[2021-08-02 03:13:00,845] {scheduler_job.py:642} INFO - DAG(s) dict_keys(['example_kubernetes_executor']) retrieved from /Users/chuck/dev/DataEngineering.Labs.AirflowProject/airflow/lib/python3.9/site-packages/airflow/example_dags/example_kubernetes_executor.py
[2021-08-02 03:13:01,236] {logging_mixin.py:104} INFO - [2021-08-02 03:13:01,236] {dag.py:1833} INFO - Sync 1 DAGs
[2021-08-02 03:13:01,244] {logging_mixin.py:104} INFO - [2021-08-02 03:13:01,244] {dag.py:2306} INFO - Setting next_dagrun for example_kubernetes_executor to None
[2021-08-02 03:13:01,264] {scheduler_job.py:189} INFO - Processing /Users/chuck/dev/DataEngineering.Labs.AirflowProject/airflow/lib/python3.9/site-packages/airflow/example_dags/example_kubernetes_executor.py took 0.437 seconds
[2021-08-02 03:15:48,220] {scheduler_job.py:181} INFO - Started process (PID=84205) to work on /Users/chuck/dev/DataEngineering.Labs.AirflowProject/airflow/lib/python3.9/site-packages/airflow/example_dags/example_kubernetes_executor.py
[2021-08-02 03:15:48,221] {scheduler_job.py:632} INFO - Processing file /Users/chuck/dev/DataEngineering.Labs.AirflowProject/airflow/lib/python3.9/site-packages/airflow/example_dags/example_kubernetes_executor.py for tasks to queue
[2021-08-02 03:15:48,222] {logging_mixin.py:104} INFO - [2021-08-02 03:15:48,222] {dagbag.py:496} INFO - Filling up the DagBag from /Users/chuck/dev/DataEngineering.Labs.AirflowProject/airflow/lib/python3.9/site-packages/airflow/example_dags/example_kubernetes_executor.py
[2021-08-02 03:15:48,232] {scheduler_job.py:642} INFO - DAG(s) dict_keys(['example_kubernetes_executor']) retrieved from /Users/chuck/dev/DataEngineering.Labs.AirflowProject/airflow/lib/python3.9/site-packages/airflow/example_dags/example_kubernetes_executor.py
[2021-08-02 03:15:48,265] {logging_mixin.py:104} INFO - [2021-08-02 03:15:48,265] {dag.py:1833} INFO - Sync 1 DAGs
[2021-08-02 03:15:48,273] {logging_mixin.py:104} INFO - [2021-08-02 03:15:48,273] {dag.py:2306} INFO - Setting next_dagrun for example_kubernetes_executor to None
[2021-08-02 03:15:48,284] {scheduler_job.py:189} INFO - Processing /Users/chuck/dev/DataEngineering.Labs.AirflowProject/airflow/lib/python3.9/site-packages/airflow/example_dags/example_kubernetes_executor.py took 0.064 seconds
[2021-08-02 03:17:13,559] {scheduler_job.py:181} INFO - Started process (PID=84296) to work on /Users/chuck/dev/DataEngineering.Labs.AirflowProject/airflow/lib/python3.9/site-packages/airflow/example_dags/example_kubernetes_executor.py
[2021-08-02 03:17:13,559] {scheduler_job.py:632} INFO - Processing file /Users/chuck/dev/DataEngineering.Labs.AirflowProject/airflow/lib/python3.9/site-packages/airflow/example_dags/example_kubernetes_executor.py for tasks to queue
[2021-08-02 03:17:13,560] {logging_mixin.py:104} INFO - [2021-08-02 03:17:13,560] {dagbag.py:496} INFO - Filling up the DagBag from /Users/chuck/dev/DataEngineering.Labs.AirflowProject/airflow/lib/python3.9/site-packages/airflow/example_dags/example_kubernetes_executor.py
[2021-08-02 03:17:13,572] {scheduler_job.py:642} INFO - DAG(s) dict_keys(['example_kubernetes_executor']) retrieved from /Users/chuck/dev/DataEngineering.Labs.AirflowProject/airflow/lib/python3.9/site-packages/airflow/example_dags/example_kubernetes_executor.py
[2021-08-02 03:17:13,602] {logging_mixin.py:104} INFO - [2021-08-02 03:17:13,602] {dag.py:1833} INFO - Sync 1 DAGs
[2021-08-02 03:17:13,609] {logging_mixin.py:104} INFO - [2021-08-02 03:17:13,609] {dag.py:2306} INFO - Setting next_dagrun for example_kubernetes_executor to None
[2021-08-02 03:17:13,618] {scheduler_job.py:189} INFO - Processing /Users/chuck/dev/DataEngineering.Labs.AirflowProject/airflow/lib/python3.9/site-packages/airflow/example_dags/example_kubernetes_executor.py took 0.060 seconds
