[2021-08-02 03:12:51,706] {scheduler_job.py:181} INFO - Started process (PID=84076) to work on /Users/chuck/dev/DataEngineering.Labs.AirflowProject/airflow/lib/python3.9/site-packages/airflow/example_dags/example_nested_branch_dag.py
[2021-08-02 03:12:51,707] {scheduler_job.py:632} INFO - Processing file /Users/chuck/dev/DataEngineering.Labs.AirflowProject/airflow/lib/python3.9/site-packages/airflow/example_dags/example_nested_branch_dag.py for tasks to queue
[2021-08-02 03:12:51,707] {logging_mixin.py:104} INFO - [2021-08-02 03:12:51,707] {dagbag.py:496} INFO - Filling up the DagBag from /Users/chuck/dev/DataEngineering.Labs.AirflowProject/airflow/lib/python3.9/site-packages/airflow/example_dags/example_nested_branch_dag.py
[2021-08-02 03:12:51,720] {scheduler_job.py:642} INFO - DAG(s) dict_keys(['example_nested_branch_dag']) retrieved from /Users/chuck/dev/DataEngineering.Labs.AirflowProject/airflow/lib/python3.9/site-packages/airflow/example_dags/example_nested_branch_dag.py
[2021-08-02 03:12:52,462] {logging_mixin.py:104} INFO - [2021-08-02 03:12:52,461] {dag.py:1833} INFO - Sync 1 DAGs
[2021-08-02 03:12:52,478] {logging_mixin.py:104} INFO - [2021-08-02 03:12:52,478] {dag.py:2306} INFO - Setting next_dagrun for example_nested_branch_dag to 2021-07-31 00:00:00+00:00
[2021-08-02 03:12:52,491] {scheduler_job.py:189} INFO - Processing /Users/chuck/dev/DataEngineering.Labs.AirflowProject/airflow/lib/python3.9/site-packages/airflow/example_dags/example_nested_branch_dag.py took 0.786 seconds
[2021-08-02 03:14:31,347] {scheduler_job.py:181} INFO - Started process (PID=84155) to work on /Users/chuck/dev/DataEngineering.Labs.AirflowProject/airflow/lib/python3.9/site-packages/airflow/example_dags/example_nested_branch_dag.py
[2021-08-02 03:14:31,348] {scheduler_job.py:632} INFO - Processing file /Users/chuck/dev/DataEngineering.Labs.AirflowProject/airflow/lib/python3.9/site-packages/airflow/example_dags/example_nested_branch_dag.py for tasks to queue
[2021-08-02 03:14:31,349] {logging_mixin.py:104} INFO - [2021-08-02 03:14:31,349] {dagbag.py:496} INFO - Filling up the DagBag from /Users/chuck/dev/DataEngineering.Labs.AirflowProject/airflow/lib/python3.9/site-packages/airflow/example_dags/example_nested_branch_dag.py
[2021-08-02 03:14:31,359] {scheduler_job.py:642} INFO - DAG(s) dict_keys(['example_nested_branch_dag']) retrieved from /Users/chuck/dev/DataEngineering.Labs.AirflowProject/airflow/lib/python3.9/site-packages/airflow/example_dags/example_nested_branch_dag.py
[2021-08-02 03:14:31,391] {logging_mixin.py:104} INFO - [2021-08-02 03:14:31,391] {dag.py:1833} INFO - Sync 1 DAGs
[2021-08-02 03:14:31,403] {logging_mixin.py:104} INFO - [2021-08-02 03:14:31,403] {dag.py:2306} INFO - Setting next_dagrun for example_nested_branch_dag to 2021-07-31 00:00:00+00:00
[2021-08-02 03:14:31,410] {scheduler_job.py:189} INFO - Processing /Users/chuck/dev/DataEngineering.Labs.AirflowProject/airflow/lib/python3.9/site-packages/airflow/example_dags/example_nested_branch_dag.py took 0.064 seconds
[2021-08-02 03:16:47,390] {scheduler_job.py:181} INFO - Started process (PID=84255) to work on /Users/chuck/dev/DataEngineering.Labs.AirflowProject/airflow/lib/python3.9/site-packages/airflow/example_dags/example_nested_branch_dag.py
[2021-08-02 03:16:47,391] {scheduler_job.py:632} INFO - Processing file /Users/chuck/dev/DataEngineering.Labs.AirflowProject/airflow/lib/python3.9/site-packages/airflow/example_dags/example_nested_branch_dag.py for tasks to queue
[2021-08-02 03:16:47,393] {logging_mixin.py:104} INFO - [2021-08-02 03:16:47,392] {dagbag.py:496} INFO - Filling up the DagBag from /Users/chuck/dev/DataEngineering.Labs.AirflowProject/airflow/lib/python3.9/site-packages/airflow/example_dags/example_nested_branch_dag.py
[2021-08-02 03:16:47,407] {scheduler_job.py:642} INFO - DAG(s) dict_keys(['example_nested_branch_dag']) retrieved from /Users/chuck/dev/DataEngineering.Labs.AirflowProject/airflow/lib/python3.9/site-packages/airflow/example_dags/example_nested_branch_dag.py
[2021-08-02 03:16:47,451] {logging_mixin.py:104} INFO - [2021-08-02 03:16:47,450] {dag.py:1833} INFO - Sync 1 DAGs
[2021-08-02 03:16:47,462] {logging_mixin.py:104} INFO - [2021-08-02 03:16:47,461] {dag.py:2306} INFO - Setting next_dagrun for example_nested_branch_dag to 2021-07-31 00:00:00+00:00
[2021-08-02 03:16:47,470] {scheduler_job.py:189} INFO - Processing /Users/chuck/dev/DataEngineering.Labs.AirflowProject/airflow/lib/python3.9/site-packages/airflow/example_dags/example_nested_branch_dag.py took 0.081 seconds
