[2021-08-02 03:12:21,624] {scheduler_job.py:181} INFO - Started process (PID=84063) to work on /Users/chuck/dev/DataEngineering.Labs.AirflowProject/airflow/lib/python3.9/site-packages/airflow/example_dags/example_trigger_target_dag.py
[2021-08-02 03:12:21,625] {scheduler_job.py:632} INFO - Processing file /Users/chuck/dev/DataEngineering.Labs.AirflowProject/airflow/lib/python3.9/site-packages/airflow/example_dags/example_trigger_target_dag.py for tasks to queue
[2021-08-02 03:12:21,625] {logging_mixin.py:104} INFO - [2021-08-02 03:12:21,625] {dagbag.py:496} INFO - Filling up the DagBag from /Users/chuck/dev/DataEngineering.Labs.AirflowProject/airflow/lib/python3.9/site-packages/airflow/example_dags/example_trigger_target_dag.py
[2021-08-02 03:12:21,640] {scheduler_job.py:642} INFO - DAG(s) dict_keys(['example_trigger_target_dag']) retrieved from /Users/chuck/dev/DataEngineering.Labs.AirflowProject/airflow/lib/python3.9/site-packages/airflow/example_dags/example_trigger_target_dag.py
[2021-08-02 03:12:21,992] {logging_mixin.py:104} INFO - [2021-08-02 03:12:21,992] {dag.py:1833} INFO - Sync 1 DAGs
[2021-08-02 03:12:22,007] {logging_mixin.py:104} INFO - [2021-08-02 03:12:22,007] {dag.py:2306} INFO - Setting next_dagrun for example_trigger_target_dag to None
[2021-08-02 03:12:22,042] {scheduler_job.py:189} INFO - Processing /Users/chuck/dev/DataEngineering.Labs.AirflowProject/airflow/lib/python3.9/site-packages/airflow/example_dags/example_trigger_target_dag.py took 0.419 seconds
[2021-08-02 03:14:11,091] {scheduler_job.py:181} INFO - Started process (PID=84128) to work on /Users/chuck/dev/DataEngineering.Labs.AirflowProject/airflow/lib/python3.9/site-packages/airflow/example_dags/example_trigger_target_dag.py
[2021-08-02 03:14:11,092] {scheduler_job.py:632} INFO - Processing file /Users/chuck/dev/DataEngineering.Labs.AirflowProject/airflow/lib/python3.9/site-packages/airflow/example_dags/example_trigger_target_dag.py for tasks to queue
[2021-08-02 03:14:11,093] {logging_mixin.py:104} INFO - [2021-08-02 03:14:11,093] {dagbag.py:496} INFO - Filling up the DagBag from /Users/chuck/dev/DataEngineering.Labs.AirflowProject/airflow/lib/python3.9/site-packages/airflow/example_dags/example_trigger_target_dag.py
[2021-08-02 03:14:11,108] {scheduler_job.py:642} INFO - DAG(s) dict_keys(['example_trigger_target_dag']) retrieved from /Users/chuck/dev/DataEngineering.Labs.AirflowProject/airflow/lib/python3.9/site-packages/airflow/example_dags/example_trigger_target_dag.py
[2021-08-02 03:14:11,145] {logging_mixin.py:104} INFO - [2021-08-02 03:14:11,145] {dag.py:1833} INFO - Sync 1 DAGs
[2021-08-02 03:14:11,155] {logging_mixin.py:104} INFO - [2021-08-02 03:14:11,155] {dag.py:2306} INFO - Setting next_dagrun for example_trigger_target_dag to None
[2021-08-02 03:14:11,163] {scheduler_job.py:189} INFO - Processing /Users/chuck/dev/DataEngineering.Labs.AirflowProject/airflow/lib/python3.9/site-packages/airflow/example_dags/example_trigger_target_dag.py took 0.073 seconds
[2021-08-02 03:15:36,135] {scheduler_job.py:181} INFO - Started process (PID=84199) to work on /Users/chuck/dev/DataEngineering.Labs.AirflowProject/airflow/lib/python3.9/site-packages/airflow/example_dags/example_trigger_target_dag.py
[2021-08-02 03:15:36,136] {scheduler_job.py:632} INFO - Processing file /Users/chuck/dev/DataEngineering.Labs.AirflowProject/airflow/lib/python3.9/site-packages/airflow/example_dags/example_trigger_target_dag.py for tasks to queue
[2021-08-02 03:15:36,136] {logging_mixin.py:104} INFO - [2021-08-02 03:15:36,136] {dagbag.py:496} INFO - Filling up the DagBag from /Users/chuck/dev/DataEngineering.Labs.AirflowProject/airflow/lib/python3.9/site-packages/airflow/example_dags/example_trigger_target_dag.py
[2021-08-02 03:15:36,145] {scheduler_job.py:642} INFO - DAG(s) dict_keys(['example_trigger_target_dag']) retrieved from /Users/chuck/dev/DataEngineering.Labs.AirflowProject/airflow/lib/python3.9/site-packages/airflow/example_dags/example_trigger_target_dag.py
[2021-08-02 03:15:36,178] {logging_mixin.py:104} INFO - [2021-08-02 03:15:36,177] {dag.py:1833} INFO - Sync 1 DAGs
[2021-08-02 03:15:36,186] {logging_mixin.py:104} INFO - [2021-08-02 03:15:36,186] {dag.py:2306} INFO - Setting next_dagrun for example_trigger_target_dag to None
[2021-08-02 03:15:36,194] {scheduler_job.py:189} INFO - Processing /Users/chuck/dev/DataEngineering.Labs.AirflowProject/airflow/lib/python3.9/site-packages/airflow/example_dags/example_trigger_target_dag.py took 0.059 seconds
[2021-08-02 03:16:32,509] {scheduler_job.py:181} INFO - Started process (PID=84241) to work on /Users/chuck/dev/DataEngineering.Labs.AirflowProject/airflow/lib/python3.9/site-packages/airflow/example_dags/example_trigger_target_dag.py
[2021-08-02 03:16:32,510] {scheduler_job.py:632} INFO - Processing file /Users/chuck/dev/DataEngineering.Labs.AirflowProject/airflow/lib/python3.9/site-packages/airflow/example_dags/example_trigger_target_dag.py for tasks to queue
[2021-08-02 03:16:32,511] {logging_mixin.py:104} INFO - [2021-08-02 03:16:32,511] {dagbag.py:496} INFO - Filling up the DagBag from /Users/chuck/dev/DataEngineering.Labs.AirflowProject/airflow/lib/python3.9/site-packages/airflow/example_dags/example_trigger_target_dag.py
[2021-08-02 03:16:32,520] {scheduler_job.py:642} INFO - DAG(s) dict_keys(['example_trigger_target_dag']) retrieved from /Users/chuck/dev/DataEngineering.Labs.AirflowProject/airflow/lib/python3.9/site-packages/airflow/example_dags/example_trigger_target_dag.py
[2021-08-02 03:16:32,551] {logging_mixin.py:104} INFO - [2021-08-02 03:16:32,551] {dag.py:1833} INFO - Sync 1 DAGs
[2021-08-02 03:16:32,558] {logging_mixin.py:104} INFO - [2021-08-02 03:16:32,558] {dag.py:2306} INFO - Setting next_dagrun for example_trigger_target_dag to None
[2021-08-02 03:16:32,566] {scheduler_job.py:189} INFO - Processing /Users/chuck/dev/DataEngineering.Labs.AirflowProject/airflow/lib/python3.9/site-packages/airflow/example_dags/example_trigger_target_dag.py took 0.058 seconds
[2021-08-02 03:17:54,318] {scheduler_job.py:181} INFO - Started process (PID=84319) to work on /Users/chuck/dev/DataEngineering.Labs.AirflowProject/airflow/lib/python3.9/site-packages/airflow/example_dags/example_trigger_target_dag.py
[2021-08-02 03:17:54,320] {scheduler_job.py:632} INFO - Processing file /Users/chuck/dev/DataEngineering.Labs.AirflowProject/airflow/lib/python3.9/site-packages/airflow/example_dags/example_trigger_target_dag.py for tasks to queue
[2021-08-02 03:17:54,320] {logging_mixin.py:104} INFO - [2021-08-02 03:17:54,320] {dagbag.py:496} INFO - Filling up the DagBag from /Users/chuck/dev/DataEngineering.Labs.AirflowProject/airflow/lib/python3.9/site-packages/airflow/example_dags/example_trigger_target_dag.py
[2021-08-02 03:17:54,331] {scheduler_job.py:642} INFO - DAG(s) dict_keys(['example_trigger_target_dag']) retrieved from /Users/chuck/dev/DataEngineering.Labs.AirflowProject/airflow/lib/python3.9/site-packages/airflow/example_dags/example_trigger_target_dag.py
[2021-08-02 03:17:54,368] {logging_mixin.py:104} INFO - [2021-08-02 03:17:54,367] {dag.py:1833} INFO - Sync 1 DAGs
[2021-08-02 03:17:54,378] {logging_mixin.py:104} INFO - [2021-08-02 03:17:54,377] {dag.py:2306} INFO - Setting next_dagrun for example_trigger_target_dag to None
[2021-08-02 03:17:54,391] {scheduler_job.py:189} INFO - Processing /Users/chuck/dev/DataEngineering.Labs.AirflowProject/airflow/lib/python3.9/site-packages/airflow/example_dags/example_trigger_target_dag.py took 0.073 seconds
