[2021-08-02 03:13:19,959] {scheduler_job.py:181} INFO - Started process (PID=84094) to work on /Users/chuck/dev/DataEngineering.Labs.AirflowProject/airflow/lib/python3.9/site-packages/airflow/example_dags/example_branch_day_of_week_operator.py
[2021-08-02 03:13:19,960] {scheduler_job.py:632} INFO - Processing file /Users/chuck/dev/DataEngineering.Labs.AirflowProject/airflow/lib/python3.9/site-packages/airflow/example_dags/example_branch_day_of_week_operator.py for tasks to queue
[2021-08-02 03:13:19,960] {logging_mixin.py:104} INFO - [2021-08-02 03:13:19,960] {dagbag.py:496} INFO - Filling up the DagBag from /Users/chuck/dev/DataEngineering.Labs.AirflowProject/airflow/lib/python3.9/site-packages/airflow/example_dags/example_branch_day_of_week_operator.py
[2021-08-02 03:13:19,995] {scheduler_job.py:642} INFO - DAG(s) dict_keys(['example_weekday_branch_operator']) retrieved from /Users/chuck/dev/DataEngineering.Labs.AirflowProject/airflow/lib/python3.9/site-packages/airflow/example_dags/example_branch_day_of_week_operator.py
[2021-08-02 03:13:20,467] {logging_mixin.py:104} INFO - [2021-08-02 03:13:20,466] {dag.py:1833} INFO - Sync 1 DAGs
[2021-08-02 03:13:20,516] {logging_mixin.py:104} INFO - [2021-08-02 03:13:20,515] {dag.py:2306} INFO - Setting next_dagrun for example_weekday_branch_operator to 2021-07-31 00:00:00+00:00
[2021-08-02 03:13:20,546] {scheduler_job.py:189} INFO - Processing /Users/chuck/dev/DataEngineering.Labs.AirflowProject/airflow/lib/python3.9/site-packages/airflow/example_dags/example_branch_day_of_week_operator.py took 0.588 seconds
[2021-08-02 03:16:06,373] {scheduler_job.py:181} INFO - Started process (PID=84229) to work on /Users/chuck/dev/DataEngineering.Labs.AirflowProject/airflow/lib/python3.9/site-packages/airflow/example_dags/example_branch_day_of_week_operator.py
[2021-08-02 03:16:06,374] {scheduler_job.py:632} INFO - Processing file /Users/chuck/dev/DataEngineering.Labs.AirflowProject/airflow/lib/python3.9/site-packages/airflow/example_dags/example_branch_day_of_week_operator.py for tasks to queue
[2021-08-02 03:16:06,374] {logging_mixin.py:104} INFO - [2021-08-02 03:16:06,374] {dagbag.py:496} INFO - Filling up the DagBag from /Users/chuck/dev/DataEngineering.Labs.AirflowProject/airflow/lib/python3.9/site-packages/airflow/example_dags/example_branch_day_of_week_operator.py
[2021-08-02 03:16:06,388] {scheduler_job.py:642} INFO - DAG(s) dict_keys(['example_weekday_branch_operator']) retrieved from /Users/chuck/dev/DataEngineering.Labs.AirflowProject/airflow/lib/python3.9/site-packages/airflow/example_dags/example_branch_day_of_week_operator.py
[2021-08-02 03:16:06,420] {logging_mixin.py:104} INFO - [2021-08-02 03:16:06,420] {dag.py:1833} INFO - Sync 1 DAGs
[2021-08-02 03:16:06,433] {logging_mixin.py:104} INFO - [2021-08-02 03:16:06,433] {dag.py:2306} INFO - Setting next_dagrun for example_weekday_branch_operator to 2021-07-31 00:00:00+00:00
[2021-08-02 03:16:06,441] {scheduler_job.py:189} INFO - Processing /Users/chuck/dev/DataEngineering.Labs.AirflowProject/airflow/lib/python3.9/site-packages/airflow/example_dags/example_branch_day_of_week_operator.py took 0.068 seconds
[2021-08-02 03:17:27,892] {scheduler_job.py:181} INFO - Started process (PID=84304) to work on /Users/chuck/dev/DataEngineering.Labs.AirflowProject/airflow/lib/python3.9/site-packages/airflow/example_dags/example_branch_day_of_week_operator.py
[2021-08-02 03:17:27,895] {scheduler_job.py:632} INFO - Processing file /Users/chuck/dev/DataEngineering.Labs.AirflowProject/airflow/lib/python3.9/site-packages/airflow/example_dags/example_branch_day_of_week_operator.py for tasks to queue
[2021-08-02 03:17:27,896] {logging_mixin.py:104} INFO - [2021-08-02 03:17:27,895] {dagbag.py:496} INFO - Filling up the DagBag from /Users/chuck/dev/DataEngineering.Labs.AirflowProject/airflow/lib/python3.9/site-packages/airflow/example_dags/example_branch_day_of_week_operator.py
[2021-08-02 03:17:27,907] {scheduler_job.py:642} INFO - DAG(s) dict_keys(['example_weekday_branch_operator']) retrieved from /Users/chuck/dev/DataEngineering.Labs.AirflowProject/airflow/lib/python3.9/site-packages/airflow/example_dags/example_branch_day_of_week_operator.py
[2021-08-02 03:17:27,949] {logging_mixin.py:104} INFO - [2021-08-02 03:17:27,949] {dag.py:1833} INFO - Sync 1 DAGs
[2021-08-02 03:17:27,962] {logging_mixin.py:104} INFO - [2021-08-02 03:17:27,962] {dag.py:2306} INFO - Setting next_dagrun for example_weekday_branch_operator to 2021-07-31 00:00:00+00:00
[2021-08-02 03:17:27,973] {scheduler_job.py:189} INFO - Processing /Users/chuck/dev/DataEngineering.Labs.AirflowProject/airflow/lib/python3.9/site-packages/airflow/example_dags/example_branch_day_of_week_operator.py took 0.081 seconds
