[2021-08-02 03:13:03,402] {scheduler_job.py:181} INFO - Started process (PID=84085) to work on /Users/chuck/dev/DataEngineering.Labs.AirflowProject/airflow/lib/python3.9/site-packages/airflow/example_dags/example_external_task_marker_dag.py
[2021-08-02 03:13:03,421] {scheduler_job.py:632} INFO - Processing file /Users/chuck/dev/DataEngineering.Labs.AirflowProject/airflow/lib/python3.9/site-packages/airflow/example_dags/example_external_task_marker_dag.py for tasks to queue
[2021-08-02 03:13:03,422] {logging_mixin.py:104} INFO - [2021-08-02 03:13:03,421] {dagbag.py:496} INFO - Filling up the DagBag from /Users/chuck/dev/DataEngineering.Labs.AirflowProject/airflow/lib/python3.9/site-packages/airflow/example_dags/example_external_task_marker_dag.py
[2021-08-02 03:13:03,443] {scheduler_job.py:642} INFO - DAG(s) dict_keys(['example_external_task_marker_parent', 'example_external_task_marker_child']) retrieved from /Users/chuck/dev/DataEngineering.Labs.AirflowProject/airflow/lib/python3.9/site-packages/airflow/example_dags/example_external_task_marker_dag.py
[2021-08-02 03:13:03,782] {logging_mixin.py:104} INFO - [2021-08-02 03:13:03,781] {dag.py:1833} INFO - Sync 2 DAGs
[2021-08-02 03:13:03,792] {logging_mixin.py:104} INFO - [2021-08-02 03:13:03,792] {dag.py:2306} INFO - Setting next_dagrun for example_external_task_marker_child to None
[2021-08-02 03:13:03,792] {logging_mixin.py:104} INFO - [2021-08-02 03:13:03,792] {dag.py:2306} INFO - Setting next_dagrun for example_external_task_marker_parent to None
[2021-08-02 03:13:03,809] {scheduler_job.py:189} INFO - Processing /Users/chuck/dev/DataEngineering.Labs.AirflowProject/airflow/lib/python3.9/site-packages/airflow/example_dags/example_external_task_marker_dag.py took 0.408 seconds
[2021-08-02 03:15:50,971] {scheduler_job.py:181} INFO - Started process (PID=84206) to work on /Users/chuck/dev/DataEngineering.Labs.AirflowProject/airflow/lib/python3.9/site-packages/airflow/example_dags/example_external_task_marker_dag.py
[2021-08-02 03:15:50,972] {scheduler_job.py:632} INFO - Processing file /Users/chuck/dev/DataEngineering.Labs.AirflowProject/airflow/lib/python3.9/site-packages/airflow/example_dags/example_external_task_marker_dag.py for tasks to queue
[2021-08-02 03:15:50,974] {logging_mixin.py:104} INFO - [2021-08-02 03:15:50,973] {dagbag.py:496} INFO - Filling up the DagBag from /Users/chuck/dev/DataEngineering.Labs.AirflowProject/airflow/lib/python3.9/site-packages/airflow/example_dags/example_external_task_marker_dag.py
[2021-08-02 03:15:50,991] {scheduler_job.py:642} INFO - DAG(s) dict_keys(['example_external_task_marker_parent', 'example_external_task_marker_child']) retrieved from /Users/chuck/dev/DataEngineering.Labs.AirflowProject/airflow/lib/python3.9/site-packages/airflow/example_dags/example_external_task_marker_dag.py
[2021-08-02 03:15:51,621] {logging_mixin.py:104} INFO - [2021-08-02 03:15:51,621] {dag.py:1833} INFO - Sync 2 DAGs
[2021-08-02 03:15:51,650] {logging_mixin.py:104} INFO - [2021-08-02 03:15:51,649] {dag.py:2306} INFO - Setting next_dagrun for example_external_task_marker_child to None
[2021-08-02 03:15:51,651] {logging_mixin.py:104} INFO - [2021-08-02 03:15:51,651] {dag.py:2306} INFO - Setting next_dagrun for example_external_task_marker_parent to None
[2021-08-02 03:15:51,671] {scheduler_job.py:189} INFO - Processing /Users/chuck/dev/DataEngineering.Labs.AirflowProject/airflow/lib/python3.9/site-packages/airflow/example_dags/example_external_task_marker_dag.py took 0.701 seconds
[2021-08-02 03:17:15,467] {scheduler_job.py:181} INFO - Started process (PID=84297) to work on /Users/chuck/dev/DataEngineering.Labs.AirflowProject/airflow/lib/python3.9/site-packages/airflow/example_dags/example_external_task_marker_dag.py
[2021-08-02 03:17:15,468] {scheduler_job.py:632} INFO - Processing file /Users/chuck/dev/DataEngineering.Labs.AirflowProject/airflow/lib/python3.9/site-packages/airflow/example_dags/example_external_task_marker_dag.py for tasks to queue
[2021-08-02 03:17:15,468] {logging_mixin.py:104} INFO - [2021-08-02 03:17:15,468] {dagbag.py:496} INFO - Filling up the DagBag from /Users/chuck/dev/DataEngineering.Labs.AirflowProject/airflow/lib/python3.9/site-packages/airflow/example_dags/example_external_task_marker_dag.py
[2021-08-02 03:17:15,477] {scheduler_job.py:642} INFO - DAG(s) dict_keys(['example_external_task_marker_parent', 'example_external_task_marker_child']) retrieved from /Users/chuck/dev/DataEngineering.Labs.AirflowProject/airflow/lib/python3.9/site-packages/airflow/example_dags/example_external_task_marker_dag.py
[2021-08-02 03:17:15,749] {logging_mixin.py:104} INFO - [2021-08-02 03:17:15,749] {dag.py:1833} INFO - Sync 2 DAGs
[2021-08-02 03:17:15,755] {logging_mixin.py:104} INFO - [2021-08-02 03:17:15,755] {dag.py:2306} INFO - Setting next_dagrun for example_external_task_marker_child to None
[2021-08-02 03:17:15,756] {logging_mixin.py:104} INFO - [2021-08-02 03:17:15,756] {dag.py:2306} INFO - Setting next_dagrun for example_external_task_marker_parent to None
[2021-08-02 03:17:15,764] {scheduler_job.py:189} INFO - Processing /Users/chuck/dev/DataEngineering.Labs.AirflowProject/airflow/lib/python3.9/site-packages/airflow/example_dags/example_external_task_marker_dag.py took 0.298 seconds
