[2021-08-02 03:12:56,650] {scheduler_job.py:181} INFO - Started process (PID=84082) to work on /Users/chuck/dev/DataEngineering.Labs.AirflowProject/airflow/lib/python3.9/site-packages/airflow/example_dags/example_latest_only.py
[2021-08-02 03:12:56,651] {scheduler_job.py:632} INFO - Processing file /Users/chuck/dev/DataEngineering.Labs.AirflowProject/airflow/lib/python3.9/site-packages/airflow/example_dags/example_latest_only.py for tasks to queue
[2021-08-02 03:12:56,651] {logging_mixin.py:104} INFO - [2021-08-02 03:12:56,651] {dagbag.py:496} INFO - Filling up the DagBag from /Users/chuck/dev/DataEngineering.Labs.AirflowProject/airflow/lib/python3.9/site-packages/airflow/example_dags/example_latest_only.py
[2021-08-02 03:12:56,669] {scheduler_job.py:642} INFO - DAG(s) dict_keys(['latest_only']) retrieved from /Users/chuck/dev/DataEngineering.Labs.AirflowProject/airflow/lib/python3.9/site-packages/airflow/example_dags/example_latest_only.py
[2021-08-02 03:12:56,994] {logging_mixin.py:104} INFO - [2021-08-02 03:12:56,994] {dag.py:1833} INFO - Sync 1 DAGs
[2021-08-02 03:12:57,004] {logging_mixin.py:104} INFO - [2021-08-02 03:12:57,004] {dag.py:2306} INFO - Setting next_dagrun for latest_only to 2021-07-31 00:00:00+00:00
[2021-08-02 03:12:57,023] {scheduler_job.py:189} INFO - Processing /Users/chuck/dev/DataEngineering.Labs.AirflowProject/airflow/lib/python3.9/site-packages/airflow/example_dags/example_latest_only.py took 0.373 seconds
[2021-08-02 03:14:35,242] {scheduler_job.py:181} INFO - Started process (PID=84157) to work on /Users/chuck/dev/DataEngineering.Labs.AirflowProject/airflow/lib/python3.9/site-packages/airflow/example_dags/example_latest_only.py
[2021-08-02 03:14:35,243] {scheduler_job.py:632} INFO - Processing file /Users/chuck/dev/DataEngineering.Labs.AirflowProject/airflow/lib/python3.9/site-packages/airflow/example_dags/example_latest_only.py for tasks to queue
[2021-08-02 03:14:35,243] {logging_mixin.py:104} INFO - [2021-08-02 03:14:35,243] {dagbag.py:496} INFO - Filling up the DagBag from /Users/chuck/dev/DataEngineering.Labs.AirflowProject/airflow/lib/python3.9/site-packages/airflow/example_dags/example_latest_only.py
[2021-08-02 03:14:35,251] {scheduler_job.py:642} INFO - DAG(s) dict_keys(['latest_only']) retrieved from /Users/chuck/dev/DataEngineering.Labs.AirflowProject/airflow/lib/python3.9/site-packages/airflow/example_dags/example_latest_only.py
[2021-08-02 03:14:35,284] {logging_mixin.py:104} INFO - [2021-08-02 03:14:35,284] {dag.py:1833} INFO - Sync 1 DAGs
[2021-08-02 03:14:35,293] {logging_mixin.py:104} INFO - [2021-08-02 03:14:35,293] {dag.py:2306} INFO - Setting next_dagrun for latest_only to 2021-07-31 00:00:00+00:00
[2021-08-02 03:14:35,303] {scheduler_job.py:189} INFO - Processing /Users/chuck/dev/DataEngineering.Labs.AirflowProject/airflow/lib/python3.9/site-packages/airflow/example_dags/example_latest_only.py took 0.062 seconds
[2021-08-02 03:16:51,779] {scheduler_job.py:181} INFO - Started process (PID=84258) to work on /Users/chuck/dev/DataEngineering.Labs.AirflowProject/airflow/lib/python3.9/site-packages/airflow/example_dags/example_latest_only.py
[2021-08-02 03:16:51,780] {scheduler_job.py:632} INFO - Processing file /Users/chuck/dev/DataEngineering.Labs.AirflowProject/airflow/lib/python3.9/site-packages/airflow/example_dags/example_latest_only.py for tasks to queue
[2021-08-02 03:16:51,780] {logging_mixin.py:104} INFO - [2021-08-02 03:16:51,780] {dagbag.py:496} INFO - Filling up the DagBag from /Users/chuck/dev/DataEngineering.Labs.AirflowProject/airflow/lib/python3.9/site-packages/airflow/example_dags/example_latest_only.py
[2021-08-02 03:16:51,788] {scheduler_job.py:642} INFO - DAG(s) dict_keys(['latest_only']) retrieved from /Users/chuck/dev/DataEngineering.Labs.AirflowProject/airflow/lib/python3.9/site-packages/airflow/example_dags/example_latest_only.py
[2021-08-02 03:16:51,828] {logging_mixin.py:104} INFO - [2021-08-02 03:16:51,828] {dag.py:1833} INFO - Sync 1 DAGs
[2021-08-02 03:16:51,836] {logging_mixin.py:104} INFO - [2021-08-02 03:16:51,836] {dag.py:2306} INFO - Setting next_dagrun for latest_only to 2021-07-31 00:00:00+00:00
[2021-08-02 03:16:51,846] {scheduler_job.py:189} INFO - Processing /Users/chuck/dev/DataEngineering.Labs.AirflowProject/airflow/lib/python3.9/site-packages/airflow/example_dags/example_latest_only.py took 0.068 seconds
