[2021-08-02 03:12:54,085] {scheduler_job.py:181} INFO - Started process (PID=84081) to work on /Users/chuck/dev/DataEngineering.Labs.AirflowProject/airflow/lib/python3.9/site-packages/airflow/example_dags/example_latest_only_with_trigger.py
[2021-08-02 03:12:54,085] {scheduler_job.py:632} INFO - Processing file /Users/chuck/dev/DataEngineering.Labs.AirflowProject/airflow/lib/python3.9/site-packages/airflow/example_dags/example_latest_only_with_trigger.py for tasks to queue
[2021-08-02 03:12:54,086] {logging_mixin.py:104} INFO - [2021-08-02 03:12:54,086] {dagbag.py:496} INFO - Filling up the DagBag from /Users/chuck/dev/DataEngineering.Labs.AirflowProject/airflow/lib/python3.9/site-packages/airflow/example_dags/example_latest_only_with_trigger.py
[2021-08-02 03:12:54,102] {scheduler_job.py:642} INFO - DAG(s) dict_keys(['latest_only_with_trigger']) retrieved from /Users/chuck/dev/DataEngineering.Labs.AirflowProject/airflow/lib/python3.9/site-packages/airflow/example_dags/example_latest_only_with_trigger.py
[2021-08-02 03:12:54,470] {logging_mixin.py:104} INFO - [2021-08-02 03:12:54,470] {dag.py:1833} INFO - Sync 1 DAGs
[2021-08-02 03:12:54,480] {logging_mixin.py:104} INFO - [2021-08-02 03:12:54,480] {dag.py:2306} INFO - Setting next_dagrun for latest_only_with_trigger to 2021-07-31 00:00:00+00:00
[2021-08-02 03:12:54,500] {scheduler_job.py:189} INFO - Processing /Users/chuck/dev/DataEngineering.Labs.AirflowProject/airflow/lib/python3.9/site-packages/airflow/example_dags/example_latest_only_with_trigger.py took 0.416 seconds
[2021-08-02 03:14:33,563] {scheduler_job.py:181} INFO - Started process (PID=84156) to work on /Users/chuck/dev/DataEngineering.Labs.AirflowProject/airflow/lib/python3.9/site-packages/airflow/example_dags/example_latest_only_with_trigger.py
[2021-08-02 03:14:33,563] {scheduler_job.py:632} INFO - Processing file /Users/chuck/dev/DataEngineering.Labs.AirflowProject/airflow/lib/python3.9/site-packages/airflow/example_dags/example_latest_only_with_trigger.py for tasks to queue
[2021-08-02 03:14:33,564] {logging_mixin.py:104} INFO - [2021-08-02 03:14:33,564] {dagbag.py:496} INFO - Filling up the DagBag from /Users/chuck/dev/DataEngineering.Labs.AirflowProject/airflow/lib/python3.9/site-packages/airflow/example_dags/example_latest_only_with_trigger.py
[2021-08-02 03:14:33,575] {scheduler_job.py:642} INFO - DAG(s) dict_keys(['latest_only_with_trigger']) retrieved from /Users/chuck/dev/DataEngineering.Labs.AirflowProject/airflow/lib/python3.9/site-packages/airflow/example_dags/example_latest_only_with_trigger.py
[2021-08-02 03:14:33,618] {logging_mixin.py:104} INFO - [2021-08-02 03:14:33,618] {dag.py:1833} INFO - Sync 1 DAGs
[2021-08-02 03:14:33,628] {logging_mixin.py:104} INFO - [2021-08-02 03:14:33,628] {dag.py:2306} INFO - Setting next_dagrun for latest_only_with_trigger to 2021-07-31 00:00:00+00:00
[2021-08-02 03:14:33,638] {scheduler_job.py:189} INFO - Processing /Users/chuck/dev/DataEngineering.Labs.AirflowProject/airflow/lib/python3.9/site-packages/airflow/example_dags/example_latest_only_with_trigger.py took 0.076 seconds
[2021-08-02 03:16:49,556] {scheduler_job.py:181} INFO - Started process (PID=84256) to work on /Users/chuck/dev/DataEngineering.Labs.AirflowProject/airflow/lib/python3.9/site-packages/airflow/example_dags/example_latest_only_with_trigger.py
[2021-08-02 03:16:49,557] {scheduler_job.py:632} INFO - Processing file /Users/chuck/dev/DataEngineering.Labs.AirflowProject/airflow/lib/python3.9/site-packages/airflow/example_dags/example_latest_only_with_trigger.py for tasks to queue
[2021-08-02 03:16:49,557] {logging_mixin.py:104} INFO - [2021-08-02 03:16:49,557] {dagbag.py:496} INFO - Filling up the DagBag from /Users/chuck/dev/DataEngineering.Labs.AirflowProject/airflow/lib/python3.9/site-packages/airflow/example_dags/example_latest_only_with_trigger.py
[2021-08-02 03:16:49,567] {scheduler_job.py:642} INFO - DAG(s) dict_keys(['latest_only_with_trigger']) retrieved from /Users/chuck/dev/DataEngineering.Labs.AirflowProject/airflow/lib/python3.9/site-packages/airflow/example_dags/example_latest_only_with_trigger.py
[2021-08-02 03:16:49,623] {logging_mixin.py:104} INFO - [2021-08-02 03:16:49,623] {dag.py:1833} INFO - Sync 1 DAGs
[2021-08-02 03:16:49,653] {logging_mixin.py:104} INFO - [2021-08-02 03:16:49,653] {dag.py:2306} INFO - Setting next_dagrun for latest_only_with_trigger to 2021-07-31 00:00:00+00:00
[2021-08-02 03:16:49,750] {scheduler_job.py:189} INFO - Processing /Users/chuck/dev/DataEngineering.Labs.AirflowProject/airflow/lib/python3.9/site-packages/airflow/example_dags/example_latest_only_with_trigger.py took 0.194 seconds
