[2021-08-02 03:12:24,596] {scheduler_job.py:181} INFO - Started process (PID=84065) to work on /Users/chuck/dev/DataEngineering.Labs.AirflowProject/airflow/lib/python3.9/site-packages/airflow/example_dags/example_trigger_controller_dag.py
[2021-08-02 03:12:24,596] {scheduler_job.py:632} INFO - Processing file /Users/chuck/dev/DataEngineering.Labs.AirflowProject/airflow/lib/python3.9/site-packages/airflow/example_dags/example_trigger_controller_dag.py for tasks to queue
[2021-08-02 03:12:24,597] {logging_mixin.py:104} INFO - [2021-08-02 03:12:24,597] {dagbag.py:496} INFO - Filling up the DagBag from /Users/chuck/dev/DataEngineering.Labs.AirflowProject/airflow/lib/python3.9/site-packages/airflow/example_dags/example_trigger_controller_dag.py
[2021-08-02 03:12:24,627] {scheduler_job.py:642} INFO - DAG(s) dict_keys(['example_trigger_controller_dag']) retrieved from /Users/chuck/dev/DataEngineering.Labs.AirflowProject/airflow/lib/python3.9/site-packages/airflow/example_dags/example_trigger_controller_dag.py
[2021-08-02 03:12:25,214] {logging_mixin.py:104} INFO - [2021-08-02 03:12:25,214] {dag.py:1833} INFO - Sync 1 DAGs
[2021-08-02 03:12:25,363] {logging_mixin.py:104} INFO - [2021-08-02 03:12:25,362] {dag.py:2306} INFO - Setting next_dagrun for example_trigger_controller_dag to 2021-07-31 00:00:00+00:00
[2021-08-02 03:12:25,505] {scheduler_job.py:189} INFO - Processing /Users/chuck/dev/DataEngineering.Labs.AirflowProject/airflow/lib/python3.9/site-packages/airflow/example_dags/example_trigger_controller_dag.py took 0.909 seconds
[2021-08-02 03:14:13,567] {scheduler_job.py:181} INFO - Started process (PID=84129) to work on /Users/chuck/dev/DataEngineering.Labs.AirflowProject/airflow/lib/python3.9/site-packages/airflow/example_dags/example_trigger_controller_dag.py
[2021-08-02 03:14:13,568] {scheduler_job.py:632} INFO - Processing file /Users/chuck/dev/DataEngineering.Labs.AirflowProject/airflow/lib/python3.9/site-packages/airflow/example_dags/example_trigger_controller_dag.py for tasks to queue
[2021-08-02 03:14:13,568] {logging_mixin.py:104} INFO - [2021-08-02 03:14:13,568] {dagbag.py:496} INFO - Filling up the DagBag from /Users/chuck/dev/DataEngineering.Labs.AirflowProject/airflow/lib/python3.9/site-packages/airflow/example_dags/example_trigger_controller_dag.py
[2021-08-02 03:14:13,578] {scheduler_job.py:642} INFO - DAG(s) dict_keys(['example_trigger_controller_dag']) retrieved from /Users/chuck/dev/DataEngineering.Labs.AirflowProject/airflow/lib/python3.9/site-packages/airflow/example_dags/example_trigger_controller_dag.py
[2021-08-02 03:14:13,614] {logging_mixin.py:104} INFO - [2021-08-02 03:14:13,614] {dag.py:1833} INFO - Sync 1 DAGs
[2021-08-02 03:14:13,621] {logging_mixin.py:104} INFO - [2021-08-02 03:14:13,621] {dag.py:2306} INFO - Setting next_dagrun for example_trigger_controller_dag to 2021-07-31 00:00:00+00:00
[2021-08-02 03:14:13,628] {scheduler_job.py:189} INFO - Processing /Users/chuck/dev/DataEngineering.Labs.AirflowProject/airflow/lib/python3.9/site-packages/airflow/example_dags/example_trigger_controller_dag.py took 0.062 seconds
[2021-08-02 03:15:37,710] {scheduler_job.py:181} INFO - Started process (PID=84200) to work on /Users/chuck/dev/DataEngineering.Labs.AirflowProject/airflow/lib/python3.9/site-packages/airflow/example_dags/example_trigger_controller_dag.py
[2021-08-02 03:15:37,711] {scheduler_job.py:632} INFO - Processing file /Users/chuck/dev/DataEngineering.Labs.AirflowProject/airflow/lib/python3.9/site-packages/airflow/example_dags/example_trigger_controller_dag.py for tasks to queue
[2021-08-02 03:15:37,711] {logging_mixin.py:104} INFO - [2021-08-02 03:15:37,711] {dagbag.py:496} INFO - Filling up the DagBag from /Users/chuck/dev/DataEngineering.Labs.AirflowProject/airflow/lib/python3.9/site-packages/airflow/example_dags/example_trigger_controller_dag.py
[2021-08-02 03:15:37,720] {scheduler_job.py:642} INFO - DAG(s) dict_keys(['example_trigger_controller_dag']) retrieved from /Users/chuck/dev/DataEngineering.Labs.AirflowProject/airflow/lib/python3.9/site-packages/airflow/example_dags/example_trigger_controller_dag.py
[2021-08-02 03:15:37,750] {logging_mixin.py:104} INFO - [2021-08-02 03:15:37,750] {dag.py:1833} INFO - Sync 1 DAGs
[2021-08-02 03:15:37,757] {logging_mixin.py:104} INFO - [2021-08-02 03:15:37,757] {dag.py:2306} INFO - Setting next_dagrun for example_trigger_controller_dag to 2021-07-31 00:00:00+00:00
[2021-08-02 03:15:37,764] {scheduler_job.py:189} INFO - Processing /Users/chuck/dev/DataEngineering.Labs.AirflowProject/airflow/lib/python3.9/site-packages/airflow/example_dags/example_trigger_controller_dag.py took 0.055 seconds
[2021-08-02 03:16:34,761] {scheduler_job.py:181} INFO - Started process (PID=84242) to work on /Users/chuck/dev/DataEngineering.Labs.AirflowProject/airflow/lib/python3.9/site-packages/airflow/example_dags/example_trigger_controller_dag.py
[2021-08-02 03:16:34,762] {scheduler_job.py:632} INFO - Processing file /Users/chuck/dev/DataEngineering.Labs.AirflowProject/airflow/lib/python3.9/site-packages/airflow/example_dags/example_trigger_controller_dag.py for tasks to queue
[2021-08-02 03:16:34,762] {logging_mixin.py:104} INFO - [2021-08-02 03:16:34,762] {dagbag.py:496} INFO - Filling up the DagBag from /Users/chuck/dev/DataEngineering.Labs.AirflowProject/airflow/lib/python3.9/site-packages/airflow/example_dags/example_trigger_controller_dag.py
[2021-08-02 03:16:34,771] {scheduler_job.py:642} INFO - DAG(s) dict_keys(['example_trigger_controller_dag']) retrieved from /Users/chuck/dev/DataEngineering.Labs.AirflowProject/airflow/lib/python3.9/site-packages/airflow/example_dags/example_trigger_controller_dag.py
[2021-08-02 03:16:34,801] {logging_mixin.py:104} INFO - [2021-08-02 03:16:34,801] {dag.py:1833} INFO - Sync 1 DAGs
[2021-08-02 03:16:34,808] {logging_mixin.py:104} INFO - [2021-08-02 03:16:34,808] {dag.py:2306} INFO - Setting next_dagrun for example_trigger_controller_dag to 2021-07-31 00:00:00+00:00
[2021-08-02 03:16:34,815] {scheduler_job.py:189} INFO - Processing /Users/chuck/dev/DataEngineering.Labs.AirflowProject/airflow/lib/python3.9/site-packages/airflow/example_dags/example_trigger_controller_dag.py took 0.055 seconds
