[2021-08-02 03:12:46,542] {scheduler_job.py:181} INFO - Started process (PID=84074) to work on /Users/chuck/dev/DataEngineering.Labs.AirflowProject/airflow/lib/python3.9/site-packages/airflow/example_dags/example_python_operator.py
[2021-08-02 03:12:46,543] {scheduler_job.py:632} INFO - Processing file /Users/chuck/dev/DataEngineering.Labs.AirflowProject/airflow/lib/python3.9/site-packages/airflow/example_dags/example_python_operator.py for tasks to queue
[2021-08-02 03:12:46,543] {logging_mixin.py:104} INFO - [2021-08-02 03:12:46,543] {dagbag.py:496} INFO - Filling up the DagBag from /Users/chuck/dev/DataEngineering.Labs.AirflowProject/airflow/lib/python3.9/site-packages/airflow/example_dags/example_python_operator.py
[2021-08-02 03:12:46,562] {scheduler_job.py:642} INFO - DAG(s) dict_keys(['example_python_operator']) retrieved from /Users/chuck/dev/DataEngineering.Labs.AirflowProject/airflow/lib/python3.9/site-packages/airflow/example_dags/example_python_operator.py
[2021-08-02 03:12:46,899] {logging_mixin.py:104} INFO - [2021-08-02 03:12:46,899] {dag.py:1833} INFO - Sync 1 DAGs
[2021-08-02 03:12:46,910] {logging_mixin.py:104} INFO - [2021-08-02 03:12:46,910] {dag.py:2306} INFO - Setting next_dagrun for example_python_operator to None
[2021-08-02 03:12:46,928] {scheduler_job.py:189} INFO - Processing /Users/chuck/dev/DataEngineering.Labs.AirflowProject/airflow/lib/python3.9/site-packages/airflow/example_dags/example_python_operator.py took 0.386 seconds
[2021-08-02 03:14:27,029] {scheduler_job.py:181} INFO - Started process (PID=84153) to work on /Users/chuck/dev/DataEngineering.Labs.AirflowProject/airflow/lib/python3.9/site-packages/airflow/example_dags/example_python_operator.py
[2021-08-02 03:14:27,031] {scheduler_job.py:632} INFO - Processing file /Users/chuck/dev/DataEngineering.Labs.AirflowProject/airflow/lib/python3.9/site-packages/airflow/example_dags/example_python_operator.py for tasks to queue
[2021-08-02 03:14:27,032] {logging_mixin.py:104} INFO - [2021-08-02 03:14:27,032] {dagbag.py:496} INFO - Filling up the DagBag from /Users/chuck/dev/DataEngineering.Labs.AirflowProject/airflow/lib/python3.9/site-packages/airflow/example_dags/example_python_operator.py
[2021-08-02 03:14:27,042] {scheduler_job.py:642} INFO - DAG(s) dict_keys(['example_python_operator']) retrieved from /Users/chuck/dev/DataEngineering.Labs.AirflowProject/airflow/lib/python3.9/site-packages/airflow/example_dags/example_python_operator.py
[2021-08-02 03:14:27,075] {logging_mixin.py:104} INFO - [2021-08-02 03:14:27,075] {dag.py:1833} INFO - Sync 1 DAGs
[2021-08-02 03:14:27,082] {logging_mixin.py:104} INFO - [2021-08-02 03:14:27,082] {dag.py:2306} INFO - Setting next_dagrun for example_python_operator to None
[2021-08-02 03:14:27,091] {scheduler_job.py:189} INFO - Processing /Users/chuck/dev/DataEngineering.Labs.AirflowProject/airflow/lib/python3.9/site-packages/airflow/example_dags/example_python_operator.py took 0.062 seconds
[2021-08-02 03:16:43,624] {scheduler_job.py:181} INFO - Started process (PID=84252) to work on /Users/chuck/dev/DataEngineering.Labs.AirflowProject/airflow/lib/python3.9/site-packages/airflow/example_dags/example_python_operator.py
[2021-08-02 03:16:43,625] {scheduler_job.py:632} INFO - Processing file /Users/chuck/dev/DataEngineering.Labs.AirflowProject/airflow/lib/python3.9/site-packages/airflow/example_dags/example_python_operator.py for tasks to queue
[2021-08-02 03:16:43,625] {logging_mixin.py:104} INFO - [2021-08-02 03:16:43,625] {dagbag.py:496} INFO - Filling up the DagBag from /Users/chuck/dev/DataEngineering.Labs.AirflowProject/airflow/lib/python3.9/site-packages/airflow/example_dags/example_python_operator.py
[2021-08-02 03:16:43,637] {scheduler_job.py:642} INFO - DAG(s) dict_keys(['example_python_operator']) retrieved from /Users/chuck/dev/DataEngineering.Labs.AirflowProject/airflow/lib/python3.9/site-packages/airflow/example_dags/example_python_operator.py
[2021-08-02 03:16:43,667] {logging_mixin.py:104} INFO - [2021-08-02 03:16:43,666] {dag.py:1833} INFO - Sync 1 DAGs
[2021-08-02 03:16:43,674] {logging_mixin.py:104} INFO - [2021-08-02 03:16:43,674] {dag.py:2306} INFO - Setting next_dagrun for example_python_operator to None
[2021-08-02 03:16:43,681] {scheduler_job.py:189} INFO - Processing /Users/chuck/dev/DataEngineering.Labs.AirflowProject/airflow/lib/python3.9/site-packages/airflow/example_dags/example_python_operator.py took 0.058 seconds
