[2021-08-02 03:12:37,152] {scheduler_job.py:181} INFO - Started process (PID=84071) to work on /Users/chuck/dev/DataEngineering.Labs.AirflowProject/airflow/lib/python3.9/site-packages/airflow/example_dags/example_subdag_operator.py
[2021-08-02 03:12:37,153] {scheduler_job.py:632} INFO - Processing file /Users/chuck/dev/DataEngineering.Labs.AirflowProject/airflow/lib/python3.9/site-packages/airflow/example_dags/example_subdag_operator.py for tasks to queue
[2021-08-02 03:12:37,154] {logging_mixin.py:104} INFO - [2021-08-02 03:12:37,154] {dagbag.py:496} INFO - Filling up the DagBag from /Users/chuck/dev/DataEngineering.Labs.AirflowProject/airflow/lib/python3.9/site-packages/airflow/example_dags/example_subdag_operator.py
[2021-08-02 03:12:37,227] {scheduler_job.py:642} INFO - DAG(s) dict_keys(['example_subdag_operator.section-1', 'example_subdag_operator.section-2', 'example_subdag_operator']) retrieved from /Users/chuck/dev/DataEngineering.Labs.AirflowProject/airflow/lib/python3.9/site-packages/airflow/example_dags/example_subdag_operator.py
[2021-08-02 03:12:37,592] {logging_mixin.py:104} INFO - [2021-08-02 03:12:37,592] {dag.py:1833} INFO - Sync 3 DAGs
[2021-08-02 03:12:37,601] {logging_mixin.py:104} INFO - [2021-08-02 03:12:37,601] {dag.py:2306} INFO - Setting next_dagrun for example_subdag_operator to 2021-07-31 00:00:00+00:00
[2021-08-02 03:12:37,602] {logging_mixin.py:104} INFO - [2021-08-02 03:12:37,602] {dag.py:2306} INFO - Setting next_dagrun for example_subdag_operator.section-1 to None
[2021-08-02 03:12:37,602] {logging_mixin.py:104} INFO - [2021-08-02 03:12:37,602] {dag.py:2306} INFO - Setting next_dagrun for example_subdag_operator.section-2 to None
[2021-08-02 03:12:37,612] {logging_mixin.py:104} INFO - [2021-08-02 03:12:37,612] {dag.py:1833} INFO - Sync 2 DAGs
[2021-08-02 03:12:37,619] {logging_mixin.py:104} INFO - [2021-08-02 03:12:37,619] {dag.py:2306} INFO - Setting next_dagrun for example_subdag_operator.section-1 to None
[2021-08-02 03:12:37,620] {logging_mixin.py:104} INFO - [2021-08-02 03:12:37,620] {dag.py:2306} INFO - Setting next_dagrun for example_subdag_operator.section-2 to None
[2021-08-02 03:12:37,627] {scheduler_job.py:189} INFO - Processing /Users/chuck/dev/DataEngineering.Labs.AirflowProject/airflow/lib/python3.9/site-packages/airflow/example_dags/example_subdag_operator.py took 0.476 seconds
[2021-08-02 03:14:21,162] {scheduler_job.py:181} INFO - Started process (PID=84143) to work on /Users/chuck/dev/DataEngineering.Labs.AirflowProject/airflow/lib/python3.9/site-packages/airflow/example_dags/example_subdag_operator.py
[2021-08-02 03:14:21,163] {scheduler_job.py:632} INFO - Processing file /Users/chuck/dev/DataEngineering.Labs.AirflowProject/airflow/lib/python3.9/site-packages/airflow/example_dags/example_subdag_operator.py for tasks to queue
[2021-08-02 03:14:21,163] {logging_mixin.py:104} INFO - [2021-08-02 03:14:21,163] {dagbag.py:496} INFO - Filling up the DagBag from /Users/chuck/dev/DataEngineering.Labs.AirflowProject/airflow/lib/python3.9/site-packages/airflow/example_dags/example_subdag_operator.py
[2021-08-02 03:14:21,207] {scheduler_job.py:642} INFO - DAG(s) dict_keys(['example_subdag_operator.section-1', 'example_subdag_operator.section-2', 'example_subdag_operator']) retrieved from /Users/chuck/dev/DataEngineering.Labs.AirflowProject/airflow/lib/python3.9/site-packages/airflow/example_dags/example_subdag_operator.py
[2021-08-02 03:14:21,216] {logging_mixin.py:104} INFO - [2021-08-02 03:14:21,216] {dag.py:1833} INFO - Sync 3 DAGs
[2021-08-02 03:14:21,224] {logging_mixin.py:104} INFO - [2021-08-02 03:14:21,224] {dag.py:2306} INFO - Setting next_dagrun for example_subdag_operator to 2021-07-31 00:00:00+00:00
[2021-08-02 03:14:21,224] {logging_mixin.py:104} INFO - [2021-08-02 03:14:21,224] {dag.py:2306} INFO - Setting next_dagrun for example_subdag_operator.section-1 to None
[2021-08-02 03:14:21,224] {logging_mixin.py:104} INFO - [2021-08-02 03:14:21,224] {dag.py:2306} INFO - Setting next_dagrun for example_subdag_operator.section-2 to None
[2021-08-02 03:14:21,230] {logging_mixin.py:104} INFO - [2021-08-02 03:14:21,230] {dag.py:1833} INFO - Sync 2 DAGs
[2021-08-02 03:14:21,246] {logging_mixin.py:104} INFO - [2021-08-02 03:14:21,246] {dag.py:2306} INFO - Setting next_dagrun for example_subdag_operator.section-1 to None
[2021-08-02 03:14:21,246] {logging_mixin.py:104} INFO - [2021-08-02 03:14:21,246] {dag.py:2306} INFO - Setting next_dagrun for example_subdag_operator.section-2 to None
[2021-08-02 03:14:21,258] {scheduler_job.py:189} INFO - Processing /Users/chuck/dev/DataEngineering.Labs.AirflowProject/airflow/lib/python3.9/site-packages/airflow/example_dags/example_subdag_operator.py took 0.097 seconds
[2021-08-02 03:15:45,722] {scheduler_job.py:181} INFO - Started process (PID=84204) to work on /Users/chuck/dev/DataEngineering.Labs.AirflowProject/airflow/lib/python3.9/site-packages/airflow/example_dags/example_subdag_operator.py
[2021-08-02 03:15:45,723] {scheduler_job.py:632} INFO - Processing file /Users/chuck/dev/DataEngineering.Labs.AirflowProject/airflow/lib/python3.9/site-packages/airflow/example_dags/example_subdag_operator.py for tasks to queue
[2021-08-02 03:15:45,723] {logging_mixin.py:104} INFO - [2021-08-02 03:15:45,723] {dagbag.py:496} INFO - Filling up the DagBag from /Users/chuck/dev/DataEngineering.Labs.AirflowProject/airflow/lib/python3.9/site-packages/airflow/example_dags/example_subdag_operator.py
[2021-08-02 03:15:45,780] {scheduler_job.py:642} INFO - DAG(s) dict_keys(['example_subdag_operator.section-1', 'example_subdag_operator.section-2', 'example_subdag_operator']) retrieved from /Users/chuck/dev/DataEngineering.Labs.AirflowProject/airflow/lib/python3.9/site-packages/airflow/example_dags/example_subdag_operator.py
[2021-08-02 03:15:45,790] {logging_mixin.py:104} INFO - [2021-08-02 03:15:45,790] {dag.py:1833} INFO - Sync 3 DAGs
[2021-08-02 03:15:45,801] {logging_mixin.py:104} INFO - [2021-08-02 03:15:45,800] {dag.py:2306} INFO - Setting next_dagrun for example_subdag_operator to 2021-07-31 00:00:00+00:00
[2021-08-02 03:15:45,801] {logging_mixin.py:104} INFO - [2021-08-02 03:15:45,801] {dag.py:2306} INFO - Setting next_dagrun for example_subdag_operator.section-1 to None
[2021-08-02 03:15:45,802] {logging_mixin.py:104} INFO - [2021-08-02 03:15:45,802] {dag.py:2306} INFO - Setting next_dagrun for example_subdag_operator.section-2 to None
[2021-08-02 03:15:45,809] {logging_mixin.py:104} INFO - [2021-08-02 03:15:45,809] {dag.py:1833} INFO - Sync 2 DAGs
[2021-08-02 03:15:45,821] {logging_mixin.py:104} INFO - [2021-08-02 03:15:45,821] {dag.py:2306} INFO - Setting next_dagrun for example_subdag_operator.section-1 to None
[2021-08-02 03:15:45,821] {logging_mixin.py:104} INFO - [2021-08-02 03:15:45,821] {dag.py:2306} INFO - Setting next_dagrun for example_subdag_operator.section-2 to None
[2021-08-02 03:15:45,832] {scheduler_job.py:189} INFO - Processing /Users/chuck/dev/DataEngineering.Labs.AirflowProject/airflow/lib/python3.9/site-packages/airflow/example_dags/example_subdag_operator.py took 0.110 seconds
[2021-08-02 03:17:11,597] {scheduler_job.py:181} INFO - Started process (PID=84295) to work on /Users/chuck/dev/DataEngineering.Labs.AirflowProject/airflow/lib/python3.9/site-packages/airflow/example_dags/example_subdag_operator.py
[2021-08-02 03:17:11,598] {scheduler_job.py:632} INFO - Processing file /Users/chuck/dev/DataEngineering.Labs.AirflowProject/airflow/lib/python3.9/site-packages/airflow/example_dags/example_subdag_operator.py for tasks to queue
[2021-08-02 03:17:11,598] {logging_mixin.py:104} INFO - [2021-08-02 03:17:11,598] {dagbag.py:496} INFO - Filling up the DagBag from /Users/chuck/dev/DataEngineering.Labs.AirflowProject/airflow/lib/python3.9/site-packages/airflow/example_dags/example_subdag_operator.py
[2021-08-02 03:17:11,635] {scheduler_job.py:642} INFO - DAG(s) dict_keys(['example_subdag_operator.section-1', 'example_subdag_operator.section-2', 'example_subdag_operator']) retrieved from /Users/chuck/dev/DataEngineering.Labs.AirflowProject/airflow/lib/python3.9/site-packages/airflow/example_dags/example_subdag_operator.py
[2021-08-02 03:17:11,642] {logging_mixin.py:104} INFO - [2021-08-02 03:17:11,642] {dag.py:1833} INFO - Sync 3 DAGs
[2021-08-02 03:17:11,649] {logging_mixin.py:104} INFO - [2021-08-02 03:17:11,649] {dag.py:2306} INFO - Setting next_dagrun for example_subdag_operator to 2021-07-31 00:00:00+00:00
[2021-08-02 03:17:11,650] {logging_mixin.py:104} INFO - [2021-08-02 03:17:11,650] {dag.py:2306} INFO - Setting next_dagrun for example_subdag_operator.section-1 to None
[2021-08-02 03:17:11,650] {logging_mixin.py:104} INFO - [2021-08-02 03:17:11,650] {dag.py:2306} INFO - Setting next_dagrun for example_subdag_operator.section-2 to None
[2021-08-02 03:17:11,655] {logging_mixin.py:104} INFO - [2021-08-02 03:17:11,655] {dag.py:1833} INFO - Sync 2 DAGs
[2021-08-02 03:17:11,660] {logging_mixin.py:104} INFO - [2021-08-02 03:17:11,660] {dag.py:2306} INFO - Setting next_dagrun for example_subdag_operator.section-1 to None
[2021-08-02 03:17:11,660] {logging_mixin.py:104} INFO - [2021-08-02 03:17:11,660] {dag.py:2306} INFO - Setting next_dagrun for example_subdag_operator.section-2 to None
[2021-08-02 03:17:11,666] {scheduler_job.py:189} INFO - Processing /Users/chuck/dev/DataEngineering.Labs.AirflowProject/airflow/lib/python3.9/site-packages/airflow/example_dags/example_subdag_operator.py took 0.070 seconds
