[2021-08-02 03:12:18,662] {scheduler_job.py:181} INFO - Started process (PID=84061) to work on /Users/chuck/dev/DataEngineering.Labs.AirflowProject/airflow/lib/python3.9/site-packages/airflow/example_dags/example_xcom.py
[2021-08-02 03:12:18,663] {scheduler_job.py:632} INFO - Processing file /Users/chuck/dev/DataEngineering.Labs.AirflowProject/airflow/lib/python3.9/site-packages/airflow/example_dags/example_xcom.py for tasks to queue
[2021-08-02 03:12:18,663] {logging_mixin.py:104} INFO - [2021-08-02 03:12:18,663] {dagbag.py:496} INFO - Filling up the DagBag from /Users/chuck/dev/DataEngineering.Labs.AirflowProject/airflow/lib/python3.9/site-packages/airflow/example_dags/example_xcom.py
[2021-08-02 03:12:18,683] {scheduler_job.py:642} INFO - DAG(s) dict_keys(['example_xcom']) retrieved from /Users/chuck/dev/DataEngineering.Labs.AirflowProject/airflow/lib/python3.9/site-packages/airflow/example_dags/example_xcom.py
[2021-08-02 03:12:19,066] {logging_mixin.py:104} INFO - [2021-08-02 03:12:19,065] {dag.py:1833} INFO - Sync 1 DAGs
[2021-08-02 03:12:19,073] {logging_mixin.py:104} INFO - [2021-08-02 03:12:19,073] {dag.py:2306} INFO - Setting next_dagrun for example_xcom to 2021-07-31 00:00:00+00:00
[2021-08-02 03:12:19,082] {scheduler_job.py:189} INFO - Processing /Users/chuck/dev/DataEngineering.Labs.AirflowProject/airflow/lib/python3.9/site-packages/airflow/example_dags/example_xcom.py took 0.420 seconds
[2021-08-02 03:14:08,608] {scheduler_job.py:181} INFO - Started process (PID=84126) to work on /Users/chuck/dev/DataEngineering.Labs.AirflowProject/airflow/lib/python3.9/site-packages/airflow/example_dags/example_xcom.py
[2021-08-02 03:14:08,611] {scheduler_job.py:632} INFO - Processing file /Users/chuck/dev/DataEngineering.Labs.AirflowProject/airflow/lib/python3.9/site-packages/airflow/example_dags/example_xcom.py for tasks to queue
[2021-08-02 03:14:08,611] {logging_mixin.py:104} INFO - [2021-08-02 03:14:08,611] {dagbag.py:496} INFO - Filling up the DagBag from /Users/chuck/dev/DataEngineering.Labs.AirflowProject/airflow/lib/python3.9/site-packages/airflow/example_dags/example_xcom.py
[2021-08-02 03:14:08,636] {scheduler_job.py:642} INFO - DAG(s) dict_keys(['example_xcom']) retrieved from /Users/chuck/dev/DataEngineering.Labs.AirflowProject/airflow/lib/python3.9/site-packages/airflow/example_dags/example_xcom.py
[2021-08-02 03:14:08,742] {logging_mixin.py:104} INFO - [2021-08-02 03:14:08,742] {dag.py:1833} INFO - Sync 1 DAGs
[2021-08-02 03:14:08,763] {logging_mixin.py:104} INFO - [2021-08-02 03:14:08,763] {dag.py:2306} INFO - Setting next_dagrun for example_xcom to 2021-07-31 00:00:00+00:00
[2021-08-02 03:14:08,806] {scheduler_job.py:189} INFO - Processing /Users/chuck/dev/DataEngineering.Labs.AirflowProject/airflow/lib/python3.9/site-packages/airflow/example_dags/example_xcom.py took 0.199 seconds
[2021-08-02 03:15:33,563] {scheduler_job.py:181} INFO - Started process (PID=84198) to work on /Users/chuck/dev/DataEngineering.Labs.AirflowProject/airflow/lib/python3.9/site-packages/airflow/example_dags/example_xcom.py
[2021-08-02 03:15:33,563] {scheduler_job.py:632} INFO - Processing file /Users/chuck/dev/DataEngineering.Labs.AirflowProject/airflow/lib/python3.9/site-packages/airflow/example_dags/example_xcom.py for tasks to queue
[2021-08-02 03:15:33,564] {logging_mixin.py:104} INFO - [2021-08-02 03:15:33,564] {dagbag.py:496} INFO - Filling up the DagBag from /Users/chuck/dev/DataEngineering.Labs.AirflowProject/airflow/lib/python3.9/site-packages/airflow/example_dags/example_xcom.py
[2021-08-02 03:15:33,571] {scheduler_job.py:642} INFO - DAG(s) dict_keys(['example_xcom']) retrieved from /Users/chuck/dev/DataEngineering.Labs.AirflowProject/airflow/lib/python3.9/site-packages/airflow/example_dags/example_xcom.py
[2021-08-02 03:15:33,609] {logging_mixin.py:104} INFO - [2021-08-02 03:15:33,609] {dag.py:1833} INFO - Sync 1 DAGs
[2021-08-02 03:15:33,617] {logging_mixin.py:104} INFO - [2021-08-02 03:15:33,617] {dag.py:2306} INFO - Setting next_dagrun for example_xcom to 2021-07-31 00:00:00+00:00
[2021-08-02 03:15:33,624] {scheduler_job.py:189} INFO - Processing /Users/chuck/dev/DataEngineering.Labs.AirflowProject/airflow/lib/python3.9/site-packages/airflow/example_dags/example_xcom.py took 0.062 seconds
[2021-08-02 03:16:31,035] {scheduler_job.py:181} INFO - Started process (PID=84240) to work on /Users/chuck/dev/DataEngineering.Labs.AirflowProject/airflow/lib/python3.9/site-packages/airflow/example_dags/example_xcom.py
[2021-08-02 03:16:31,036] {scheduler_job.py:632} INFO - Processing file /Users/chuck/dev/DataEngineering.Labs.AirflowProject/airflow/lib/python3.9/site-packages/airflow/example_dags/example_xcom.py for tasks to queue
[2021-08-02 03:16:31,037] {logging_mixin.py:104} INFO - [2021-08-02 03:16:31,037] {dagbag.py:496} INFO - Filling up the DagBag from /Users/chuck/dev/DataEngineering.Labs.AirflowProject/airflow/lib/python3.9/site-packages/airflow/example_dags/example_xcom.py
[2021-08-02 03:16:31,046] {scheduler_job.py:642} INFO - DAG(s) dict_keys(['example_xcom']) retrieved from /Users/chuck/dev/DataEngineering.Labs.AirflowProject/airflow/lib/python3.9/site-packages/airflow/example_dags/example_xcom.py
[2021-08-02 03:16:31,083] {logging_mixin.py:104} INFO - [2021-08-02 03:16:31,083] {dag.py:1833} INFO - Sync 1 DAGs
[2021-08-02 03:16:31,091] {logging_mixin.py:104} INFO - [2021-08-02 03:16:31,091] {dag.py:2306} INFO - Setting next_dagrun for example_xcom to 2021-07-31 00:00:00+00:00
[2021-08-02 03:16:31,098] {scheduler_job.py:189} INFO - Processing /Users/chuck/dev/DataEngineering.Labs.AirflowProject/airflow/lib/python3.9/site-packages/airflow/example_dags/example_xcom.py took 0.065 seconds
[2021-08-02 03:17:52,094] {scheduler_job.py:181} INFO - Started process (PID=84317) to work on /Users/chuck/dev/DataEngineering.Labs.AirflowProject/airflow/lib/python3.9/site-packages/airflow/example_dags/example_xcom.py
[2021-08-02 03:17:52,095] {scheduler_job.py:632} INFO - Processing file /Users/chuck/dev/DataEngineering.Labs.AirflowProject/airflow/lib/python3.9/site-packages/airflow/example_dags/example_xcom.py for tasks to queue
[2021-08-02 03:17:52,096] {logging_mixin.py:104} INFO - [2021-08-02 03:17:52,095] {dagbag.py:496} INFO - Filling up the DagBag from /Users/chuck/dev/DataEngineering.Labs.AirflowProject/airflow/lib/python3.9/site-packages/airflow/example_dags/example_xcom.py
[2021-08-02 03:17:52,106] {scheduler_job.py:642} INFO - DAG(s) dict_keys(['example_xcom']) retrieved from /Users/chuck/dev/DataEngineering.Labs.AirflowProject/airflow/lib/python3.9/site-packages/airflow/example_dags/example_xcom.py
[2021-08-02 03:17:52,148] {logging_mixin.py:104} INFO - [2021-08-02 03:17:52,148] {dag.py:1833} INFO - Sync 1 DAGs
[2021-08-02 03:17:52,165] {logging_mixin.py:104} INFO - [2021-08-02 03:17:52,165] {dag.py:2306} INFO - Setting next_dagrun for example_xcom to 2021-07-31 00:00:00+00:00
[2021-08-02 03:17:52,176] {scheduler_job.py:189} INFO - Processing /Users/chuck/dev/DataEngineering.Labs.AirflowProject/airflow/lib/python3.9/site-packages/airflow/example_dags/example_xcom.py took 0.083 seconds
