[2021-08-02 03:13:13,413] {scheduler_job.py:181} INFO - Started process (PID=84092) to work on /Users/chuck/dev/DataEngineering.Labs.AirflowProject/airflow/lib/python3.9/site-packages/airflow/example_dags/example_branch_operator.py
[2021-08-02 03:13:13,414] {scheduler_job.py:632} INFO - Processing file /Users/chuck/dev/DataEngineering.Labs.AirflowProject/airflow/lib/python3.9/site-packages/airflow/example_dags/example_branch_operator.py for tasks to queue
[2021-08-02 03:13:13,414] {logging_mixin.py:104} INFO - [2021-08-02 03:13:13,414] {dagbag.py:496} INFO - Filling up the DagBag from /Users/chuck/dev/DataEngineering.Labs.AirflowProject/airflow/lib/python3.9/site-packages/airflow/example_dags/example_branch_operator.py
[2021-08-02 03:13:13,446] {scheduler_job.py:642} INFO - DAG(s) dict_keys(['example_branch_operator']) retrieved from /Users/chuck/dev/DataEngineering.Labs.AirflowProject/airflow/lib/python3.9/site-packages/airflow/example_dags/example_branch_operator.py
[2021-08-02 03:13:13,942] {logging_mixin.py:104} INFO - [2021-08-02 03:13:13,942] {dag.py:1833} INFO - Sync 1 DAGs
[2021-08-02 03:13:13,963] {logging_mixin.py:104} INFO - [2021-08-02 03:13:13,963] {dag.py:2306} INFO - Setting next_dagrun for example_branch_operator to 2021-07-31 00:00:00+00:00
[2021-08-02 03:13:13,980] {scheduler_job.py:189} INFO - Processing /Users/chuck/dev/DataEngineering.Labs.AirflowProject/airflow/lib/python3.9/site-packages/airflow/example_dags/example_branch_operator.py took 0.572 seconds
[2021-08-02 03:16:01,017] {scheduler_job.py:181} INFO - Started process (PID=84227) to work on /Users/chuck/dev/DataEngineering.Labs.AirflowProject/airflow/lib/python3.9/site-packages/airflow/example_dags/example_branch_operator.py
[2021-08-02 03:16:01,018] {scheduler_job.py:632} INFO - Processing file /Users/chuck/dev/DataEngineering.Labs.AirflowProject/airflow/lib/python3.9/site-packages/airflow/example_dags/example_branch_operator.py for tasks to queue
[2021-08-02 03:16:01,018] {logging_mixin.py:104} INFO - [2021-08-02 03:16:01,018] {dagbag.py:496} INFO - Filling up the DagBag from /Users/chuck/dev/DataEngineering.Labs.AirflowProject/airflow/lib/python3.9/site-packages/airflow/example_dags/example_branch_operator.py
[2021-08-02 03:16:01,028] {scheduler_job.py:642} INFO - DAG(s) dict_keys(['example_branch_operator']) retrieved from /Users/chuck/dev/DataEngineering.Labs.AirflowProject/airflow/lib/python3.9/site-packages/airflow/example_dags/example_branch_operator.py
[2021-08-02 03:16:01,062] {logging_mixin.py:104} INFO - [2021-08-02 03:16:01,061] {dag.py:1833} INFO - Sync 1 DAGs
[2021-08-02 03:16:01,071] {logging_mixin.py:104} INFO - [2021-08-02 03:16:01,071] {dag.py:2306} INFO - Setting next_dagrun for example_branch_operator to 2021-07-31 00:00:00+00:00
[2021-08-02 03:16:01,079] {scheduler_job.py:189} INFO - Processing /Users/chuck/dev/DataEngineering.Labs.AirflowProject/airflow/lib/python3.9/site-packages/airflow/example_dags/example_branch_operator.py took 0.063 seconds
[2021-08-02 03:17:23,942] {scheduler_job.py:181} INFO - Started process (PID=84302) to work on /Users/chuck/dev/DataEngineering.Labs.AirflowProject/airflow/lib/python3.9/site-packages/airflow/example_dags/example_branch_operator.py
[2021-08-02 03:17:23,943] {scheduler_job.py:632} INFO - Processing file /Users/chuck/dev/DataEngineering.Labs.AirflowProject/airflow/lib/python3.9/site-packages/airflow/example_dags/example_branch_operator.py for tasks to queue
[2021-08-02 03:17:23,943] {logging_mixin.py:104} INFO - [2021-08-02 03:17:23,943] {dagbag.py:496} INFO - Filling up the DagBag from /Users/chuck/dev/DataEngineering.Labs.AirflowProject/airflow/lib/python3.9/site-packages/airflow/example_dags/example_branch_operator.py
[2021-08-02 03:17:23,956] {scheduler_job.py:642} INFO - DAG(s) dict_keys(['example_branch_operator']) retrieved from /Users/chuck/dev/DataEngineering.Labs.AirflowProject/airflow/lib/python3.9/site-packages/airflow/example_dags/example_branch_operator.py
[2021-08-02 03:17:24,000] {logging_mixin.py:104} INFO - [2021-08-02 03:17:23,999] {dag.py:1833} INFO - Sync 1 DAGs
[2021-08-02 03:17:24,018] {logging_mixin.py:104} INFO - [2021-08-02 03:17:24,018] {dag.py:2306} INFO - Setting next_dagrun for example_branch_operator to 2021-07-31 00:00:00+00:00
[2021-08-02 03:17:24,028] {scheduler_job.py:189} INFO - Processing /Users/chuck/dev/DataEngineering.Labs.AirflowProject/airflow/lib/python3.9/site-packages/airflow/example_dags/example_branch_operator.py took 0.088 seconds
