[2021-08-02 03:12:15,971] {scheduler_job.py:181} INFO - Started process (PID=84059) to work on /Users/chuck/dev/DataEngineering.Labs.AirflowProject/airflow/lib/python3.9/site-packages/airflow/example_dags/example_xcomargs.py
[2021-08-02 03:12:15,971] {scheduler_job.py:632} INFO - Processing file /Users/chuck/dev/DataEngineering.Labs.AirflowProject/airflow/lib/python3.9/site-packages/airflow/example_dags/example_xcomargs.py for tasks to queue
[2021-08-02 03:12:15,972] {logging_mixin.py:104} INFO - [2021-08-02 03:12:15,972] {dagbag.py:496} INFO - Filling up the DagBag from /Users/chuck/dev/DataEngineering.Labs.AirflowProject/airflow/lib/python3.9/site-packages/airflow/example_dags/example_xcomargs.py
[2021-08-02 03:12:15,985] {scheduler_job.py:642} INFO - DAG(s) dict_keys(['example_xcom_args', 'example_xcom_args_with_operators']) retrieved from /Users/chuck/dev/DataEngineering.Labs.AirflowProject/airflow/lib/python3.9/site-packages/airflow/example_dags/example_xcomargs.py
[2021-08-02 03:12:16,310] {logging_mixin.py:104} INFO - [2021-08-02 03:12:16,310] {dag.py:1833} INFO - Sync 2 DAGs
[2021-08-02 03:12:16,318] {logging_mixin.py:104} INFO - [2021-08-02 03:12:16,318] {dag.py:2306} INFO - Setting next_dagrun for example_xcom_args to None
[2021-08-02 03:12:16,319] {logging_mixin.py:104} INFO - [2021-08-02 03:12:16,319] {dag.py:2306} INFO - Setting next_dagrun for example_xcom_args_with_operators to None
[2021-08-02 03:12:16,329] {scheduler_job.py:189} INFO - Processing /Users/chuck/dev/DataEngineering.Labs.AirflowProject/airflow/lib/python3.9/site-packages/airflow/example_dags/example_xcomargs.py took 0.358 seconds
[2021-08-02 03:14:03,334] {scheduler_job.py:181} INFO - Started process (PID=84125) to work on /Users/chuck/dev/DataEngineering.Labs.AirflowProject/airflow/lib/python3.9/site-packages/airflow/example_dags/example_xcomargs.py
[2021-08-02 03:14:03,343] {scheduler_job.py:632} INFO - Processing file /Users/chuck/dev/DataEngineering.Labs.AirflowProject/airflow/lib/python3.9/site-packages/airflow/example_dags/example_xcomargs.py for tasks to queue
[2021-08-02 03:14:03,343] {logging_mixin.py:104} INFO - [2021-08-02 03:14:03,343] {dagbag.py:496} INFO - Filling up the DagBag from /Users/chuck/dev/DataEngineering.Labs.AirflowProject/airflow/lib/python3.9/site-packages/airflow/example_dags/example_xcomargs.py
[2021-08-02 03:14:03,404] {scheduler_job.py:642} INFO - DAG(s) dict_keys(['example_xcom_args', 'example_xcom_args_with_operators']) retrieved from /Users/chuck/dev/DataEngineering.Labs.AirflowProject/airflow/lib/python3.9/site-packages/airflow/example_dags/example_xcomargs.py
[2021-08-02 03:14:04,803] {logging_mixin.py:104} INFO - [2021-08-02 03:14:04,802] {dag.py:1833} INFO - Sync 2 DAGs
[2021-08-02 03:14:04,874] {logging_mixin.py:104} INFO - [2021-08-02 03:14:04,874] {dag.py:2306} INFO - Setting next_dagrun for example_xcom_args to None
[2021-08-02 03:14:04,875] {logging_mixin.py:104} INFO - [2021-08-02 03:14:04,875] {dag.py:2306} INFO - Setting next_dagrun for example_xcom_args_with_operators to None
[2021-08-02 03:14:04,923] {scheduler_job.py:189} INFO - Processing /Users/chuck/dev/DataEngineering.Labs.AirflowProject/airflow/lib/python3.9/site-packages/airflow/example_dags/example_xcomargs.py took 1.590 seconds
[2021-08-02 03:15:30,839] {scheduler_job.py:181} INFO - Started process (PID=84197) to work on /Users/chuck/dev/DataEngineering.Labs.AirflowProject/airflow/lib/python3.9/site-packages/airflow/example_dags/example_xcomargs.py
[2021-08-02 03:15:30,840] {scheduler_job.py:632} INFO - Processing file /Users/chuck/dev/DataEngineering.Labs.AirflowProject/airflow/lib/python3.9/site-packages/airflow/example_dags/example_xcomargs.py for tasks to queue
[2021-08-02 03:15:30,840] {logging_mixin.py:104} INFO - [2021-08-02 03:15:30,840] {dagbag.py:496} INFO - Filling up the DagBag from /Users/chuck/dev/DataEngineering.Labs.AirflowProject/airflow/lib/python3.9/site-packages/airflow/example_dags/example_xcomargs.py
[2021-08-02 03:15:30,855] {scheduler_job.py:642} INFO - DAG(s) dict_keys(['example_xcom_args', 'example_xcom_args_with_operators']) retrieved from /Users/chuck/dev/DataEngineering.Labs.AirflowProject/airflow/lib/python3.9/site-packages/airflow/example_dags/example_xcomargs.py
[2021-08-02 03:15:31,214] {logging_mixin.py:104} INFO - [2021-08-02 03:15:31,213] {dag.py:1833} INFO - Sync 2 DAGs
[2021-08-02 03:15:31,221] {logging_mixin.py:104} INFO - [2021-08-02 03:15:31,221] {dag.py:2306} INFO - Setting next_dagrun for example_xcom_args to None
[2021-08-02 03:15:31,222] {logging_mixin.py:104} INFO - [2021-08-02 03:15:31,222] {dag.py:2306} INFO - Setting next_dagrun for example_xcom_args_with_operators to None
[2021-08-02 03:15:31,230] {scheduler_job.py:189} INFO - Processing /Users/chuck/dev/DataEngineering.Labs.AirflowProject/airflow/lib/python3.9/site-packages/airflow/example_dags/example_xcomargs.py took 0.392 seconds
[2021-08-02 03:16:28,445] {scheduler_job.py:181} INFO - Started process (PID=84239) to work on /Users/chuck/dev/DataEngineering.Labs.AirflowProject/airflow/lib/python3.9/site-packages/airflow/example_dags/example_xcomargs.py
[2021-08-02 03:16:28,446] {scheduler_job.py:632} INFO - Processing file /Users/chuck/dev/DataEngineering.Labs.AirflowProject/airflow/lib/python3.9/site-packages/airflow/example_dags/example_xcomargs.py for tasks to queue
[2021-08-02 03:16:28,446] {logging_mixin.py:104} INFO - [2021-08-02 03:16:28,446] {dagbag.py:496} INFO - Filling up the DagBag from /Users/chuck/dev/DataEngineering.Labs.AirflowProject/airflow/lib/python3.9/site-packages/airflow/example_dags/example_xcomargs.py
[2021-08-02 03:16:28,460] {scheduler_job.py:642} INFO - DAG(s) dict_keys(['example_xcom_args', 'example_xcom_args_with_operators']) retrieved from /Users/chuck/dev/DataEngineering.Labs.AirflowProject/airflow/lib/python3.9/site-packages/airflow/example_dags/example_xcomargs.py
[2021-08-02 03:16:28,901] {logging_mixin.py:104} INFO - [2021-08-02 03:16:28,901] {dag.py:1833} INFO - Sync 2 DAGs
[2021-08-02 03:16:28,910] {logging_mixin.py:104} INFO - [2021-08-02 03:16:28,910] {dag.py:2306} INFO - Setting next_dagrun for example_xcom_args to None
[2021-08-02 03:16:28,911] {logging_mixin.py:104} INFO - [2021-08-02 03:16:28,910] {dag.py:2306} INFO - Setting next_dagrun for example_xcom_args_with_operators to None
[2021-08-02 03:16:28,925] {scheduler_job.py:189} INFO - Processing /Users/chuck/dev/DataEngineering.Labs.AirflowProject/airflow/lib/python3.9/site-packages/airflow/example_dags/example_xcomargs.py took 0.480 seconds
[2021-08-02 03:17:49,382] {scheduler_job.py:181} INFO - Started process (PID=84314) to work on /Users/chuck/dev/DataEngineering.Labs.AirflowProject/airflow/lib/python3.9/site-packages/airflow/example_dags/example_xcomargs.py
[2021-08-02 03:17:49,382] {scheduler_job.py:632} INFO - Processing file /Users/chuck/dev/DataEngineering.Labs.AirflowProject/airflow/lib/python3.9/site-packages/airflow/example_dags/example_xcomargs.py for tasks to queue
[2021-08-02 03:17:49,383] {logging_mixin.py:104} INFO - [2021-08-02 03:17:49,383] {dagbag.py:496} INFO - Filling up the DagBag from /Users/chuck/dev/DataEngineering.Labs.AirflowProject/airflow/lib/python3.9/site-packages/airflow/example_dags/example_xcomargs.py
[2021-08-02 03:17:49,399] {scheduler_job.py:642} INFO - DAG(s) dict_keys(['example_xcom_args', 'example_xcom_args_with_operators']) retrieved from /Users/chuck/dev/DataEngineering.Labs.AirflowProject/airflow/lib/python3.9/site-packages/airflow/example_dags/example_xcomargs.py
[2021-08-02 03:17:49,827] {logging_mixin.py:104} INFO - [2021-08-02 03:17:49,827] {dag.py:1833} INFO - Sync 2 DAGs
[2021-08-02 03:17:49,837] {logging_mixin.py:104} INFO - [2021-08-02 03:17:49,837] {dag.py:2306} INFO - Setting next_dagrun for example_xcom_args to None
[2021-08-02 03:17:49,837] {logging_mixin.py:104} INFO - [2021-08-02 03:17:49,837] {dag.py:2306} INFO - Setting next_dagrun for example_xcom_args_with_operators to None
[2021-08-02 03:17:49,849] {scheduler_job.py:189} INFO - Processing /Users/chuck/dev/DataEngineering.Labs.AirflowProject/airflow/lib/python3.9/site-packages/airflow/example_dags/example_xcomargs.py took 0.469 seconds
