[2021-08-02 03:12:31,059] {scheduler_job.py:181} INFO - Started process (PID=84067) to work on /Users/chuck/dev/DataEngineering.Labs.AirflowProject/airflow/lib/python3.9/site-packages/airflow/example_dags/example_task_group_decorator.py
[2021-08-02 03:12:31,059] {scheduler_job.py:632} INFO - Processing file /Users/chuck/dev/DataEngineering.Labs.AirflowProject/airflow/lib/python3.9/site-packages/airflow/example_dags/example_task_group_decorator.py for tasks to queue
[2021-08-02 03:12:31,059] {logging_mixin.py:104} INFO - [2021-08-02 03:12:31,059] {dagbag.py:496} INFO - Filling up the DagBag from /Users/chuck/dev/DataEngineering.Labs.AirflowProject/airflow/lib/python3.9/site-packages/airflow/example_dags/example_task_group_decorator.py
[2021-08-02 03:12:31,091] {scheduler_job.py:642} INFO - DAG(s) dict_keys(['example_task_group_decorator']) retrieved from /Users/chuck/dev/DataEngineering.Labs.AirflowProject/airflow/lib/python3.9/site-packages/airflow/example_dags/example_task_group_decorator.py
[2021-08-02 03:12:31,486] {logging_mixin.py:104} INFO - [2021-08-02 03:12:31,485] {dag.py:1833} INFO - Sync 1 DAGs
[2021-08-02 03:12:31,494] {logging_mixin.py:104} INFO - [2021-08-02 03:12:31,494] {dag.py:2306} INFO - Setting next_dagrun for example_task_group_decorator to 2021-07-31 00:00:00+00:00
[2021-08-02 03:12:31,506] {scheduler_job.py:189} INFO - Processing /Users/chuck/dev/DataEngineering.Labs.AirflowProject/airflow/lib/python3.9/site-packages/airflow/example_dags/example_task_group_decorator.py took 0.448 seconds
[2021-08-02 03:14:15,831] {scheduler_job.py:181} INFO - Started process (PID=84130) to work on /Users/chuck/dev/DataEngineering.Labs.AirflowProject/airflow/lib/python3.9/site-packages/airflow/example_dags/example_task_group_decorator.py
[2021-08-02 03:14:15,831] {scheduler_job.py:632} INFO - Processing file /Users/chuck/dev/DataEngineering.Labs.AirflowProject/airflow/lib/python3.9/site-packages/airflow/example_dags/example_task_group_decorator.py for tasks to queue
[2021-08-02 03:14:15,832] {logging_mixin.py:104} INFO - [2021-08-02 03:14:15,832] {dagbag.py:496} INFO - Filling up the DagBag from /Users/chuck/dev/DataEngineering.Labs.AirflowProject/airflow/lib/python3.9/site-packages/airflow/example_dags/example_task_group_decorator.py
[2021-08-02 03:14:15,862] {scheduler_job.py:642} INFO - DAG(s) dict_keys(['example_task_group_decorator']) retrieved from /Users/chuck/dev/DataEngineering.Labs.AirflowProject/airflow/lib/python3.9/site-packages/airflow/example_dags/example_task_group_decorator.py
[2021-08-02 03:14:16,371] {logging_mixin.py:104} INFO - [2021-08-02 03:14:16,370] {dag.py:1833} INFO - Sync 1 DAGs
[2021-08-02 03:14:16,381] {logging_mixin.py:104} INFO - [2021-08-02 03:14:16,381] {dag.py:2306} INFO - Setting next_dagrun for example_task_group_decorator to 2021-07-31 00:00:00+00:00
[2021-08-02 03:14:16,395] {scheduler_job.py:189} INFO - Processing /Users/chuck/dev/DataEngineering.Labs.AirflowProject/airflow/lib/python3.9/site-packages/airflow/example_dags/example_task_group_decorator.py took 0.565 seconds
[2021-08-02 03:15:39,980] {scheduler_job.py:181} INFO - Started process (PID=84201) to work on /Users/chuck/dev/DataEngineering.Labs.AirflowProject/airflow/lib/python3.9/site-packages/airflow/example_dags/example_task_group_decorator.py
[2021-08-02 03:15:39,981] {scheduler_job.py:632} INFO - Processing file /Users/chuck/dev/DataEngineering.Labs.AirflowProject/airflow/lib/python3.9/site-packages/airflow/example_dags/example_task_group_decorator.py for tasks to queue
[2021-08-02 03:15:39,982] {logging_mixin.py:104} INFO - [2021-08-02 03:15:39,982] {dagbag.py:496} INFO - Filling up the DagBag from /Users/chuck/dev/DataEngineering.Labs.AirflowProject/airflow/lib/python3.9/site-packages/airflow/example_dags/example_task_group_decorator.py
[2021-08-02 03:15:40,002] {scheduler_job.py:642} INFO - DAG(s) dict_keys(['example_task_group_decorator']) retrieved from /Users/chuck/dev/DataEngineering.Labs.AirflowProject/airflow/lib/python3.9/site-packages/airflow/example_dags/example_task_group_decorator.py
[2021-08-02 03:15:40,364] {logging_mixin.py:104} INFO - [2021-08-02 03:15:40,363] {dag.py:1833} INFO - Sync 1 DAGs
[2021-08-02 03:15:40,371] {logging_mixin.py:104} INFO - [2021-08-02 03:15:40,371] {dag.py:2306} INFO - Setting next_dagrun for example_task_group_decorator to 2021-07-31 00:00:00+00:00
[2021-08-02 03:15:40,381] {scheduler_job.py:189} INFO - Processing /Users/chuck/dev/DataEngineering.Labs.AirflowProject/airflow/lib/python3.9/site-packages/airflow/example_dags/example_task_group_decorator.py took 0.402 seconds
[2021-08-02 03:16:36,955] {scheduler_job.py:181} INFO - Started process (PID=84243) to work on /Users/chuck/dev/DataEngineering.Labs.AirflowProject/airflow/lib/python3.9/site-packages/airflow/example_dags/example_task_group_decorator.py
[2021-08-02 03:16:36,956] {scheduler_job.py:632} INFO - Processing file /Users/chuck/dev/DataEngineering.Labs.AirflowProject/airflow/lib/python3.9/site-packages/airflow/example_dags/example_task_group_decorator.py for tasks to queue
[2021-08-02 03:16:36,957] {logging_mixin.py:104} INFO - [2021-08-02 03:16:36,957] {dagbag.py:496} INFO - Filling up the DagBag from /Users/chuck/dev/DataEngineering.Labs.AirflowProject/airflow/lib/python3.9/site-packages/airflow/example_dags/example_task_group_decorator.py
[2021-08-02 03:16:36,976] {scheduler_job.py:642} INFO - DAG(s) dict_keys(['example_task_group_decorator']) retrieved from /Users/chuck/dev/DataEngineering.Labs.AirflowProject/airflow/lib/python3.9/site-packages/airflow/example_dags/example_task_group_decorator.py
[2021-08-02 03:16:37,408] {logging_mixin.py:104} INFO - [2021-08-02 03:16:37,408] {dag.py:1833} INFO - Sync 1 DAGs
[2021-08-02 03:16:37,415] {logging_mixin.py:104} INFO - [2021-08-02 03:16:37,415] {dag.py:2306} INFO - Setting next_dagrun for example_task_group_decorator to 2021-07-31 00:00:00+00:00
[2021-08-02 03:16:37,425] {scheduler_job.py:189} INFO - Processing /Users/chuck/dev/DataEngineering.Labs.AirflowProject/airflow/lib/python3.9/site-packages/airflow/example_dags/example_task_group_decorator.py took 0.471 seconds
