[2021-08-02 03:12:34,033] {scheduler_job.py:181} INFO - Started process (PID=84070) to work on /Users/chuck/dev/DataEngineering.Labs.AirflowProject/airflow/lib/python3.9/site-packages/airflow/example_dags/example_task_group.py
[2021-08-02 03:12:34,034] {scheduler_job.py:632} INFO - Processing file /Users/chuck/dev/DataEngineering.Labs.AirflowProject/airflow/lib/python3.9/site-packages/airflow/example_dags/example_task_group.py for tasks to queue
[2021-08-02 03:12:34,034] {logging_mixin.py:104} INFO - [2021-08-02 03:12:34,034] {dagbag.py:496} INFO - Filling up the DagBag from /Users/chuck/dev/DataEngineering.Labs.AirflowProject/airflow/lib/python3.9/site-packages/airflow/example_dags/example_task_group.py
[2021-08-02 03:12:34,050] {scheduler_job.py:642} INFO - DAG(s) dict_keys(['example_task_group']) retrieved from /Users/chuck/dev/DataEngineering.Labs.AirflowProject/airflow/lib/python3.9/site-packages/airflow/example_dags/example_task_group.py
[2021-08-02 03:12:34,655] {logging_mixin.py:104} INFO - [2021-08-02 03:12:34,655] {dag.py:1833} INFO - Sync 1 DAGs
[2021-08-02 03:12:34,682] {logging_mixin.py:104} INFO - [2021-08-02 03:12:34,682] {dag.py:2306} INFO - Setting next_dagrun for example_task_group to 2021-07-31 00:00:00+00:00
[2021-08-02 03:12:34,711] {scheduler_job.py:189} INFO - Processing /Users/chuck/dev/DataEngineering.Labs.AirflowProject/airflow/lib/python3.9/site-packages/airflow/example_dags/example_task_group.py took 0.679 seconds
[2021-08-02 03:14:18,656] {scheduler_job.py:181} INFO - Started process (PID=84133) to work on /Users/chuck/dev/DataEngineering.Labs.AirflowProject/airflow/lib/python3.9/site-packages/airflow/example_dags/example_task_group.py
[2021-08-02 03:14:18,657] {scheduler_job.py:632} INFO - Processing file /Users/chuck/dev/DataEngineering.Labs.AirflowProject/airflow/lib/python3.9/site-packages/airflow/example_dags/example_task_group.py for tasks to queue
[2021-08-02 03:14:18,657] {logging_mixin.py:104} INFO - [2021-08-02 03:14:18,657] {dagbag.py:496} INFO - Filling up the DagBag from /Users/chuck/dev/DataEngineering.Labs.AirflowProject/airflow/lib/python3.9/site-packages/airflow/example_dags/example_task_group.py
[2021-08-02 03:14:18,667] {scheduler_job.py:642} INFO - DAG(s) dict_keys(['example_task_group']) retrieved from /Users/chuck/dev/DataEngineering.Labs.AirflowProject/airflow/lib/python3.9/site-packages/airflow/example_dags/example_task_group.py
[2021-08-02 03:14:18,706] {logging_mixin.py:104} INFO - [2021-08-02 03:14:18,706] {dag.py:1833} INFO - Sync 1 DAGs
[2021-08-02 03:14:18,715] {logging_mixin.py:104} INFO - [2021-08-02 03:14:18,715] {dag.py:2306} INFO - Setting next_dagrun for example_task_group to 2021-07-31 00:00:00+00:00
[2021-08-02 03:14:18,723] {scheduler_job.py:189} INFO - Processing /Users/chuck/dev/DataEngineering.Labs.AirflowProject/airflow/lib/python3.9/site-packages/airflow/example_dags/example_task_group.py took 0.069 seconds
[2021-08-02 03:15:42,671] {scheduler_job.py:181} INFO - Started process (PID=84202) to work on /Users/chuck/dev/DataEngineering.Labs.AirflowProject/airflow/lib/python3.9/site-packages/airflow/example_dags/example_task_group.py
[2021-08-02 03:15:42,672] {scheduler_job.py:632} INFO - Processing file /Users/chuck/dev/DataEngineering.Labs.AirflowProject/airflow/lib/python3.9/site-packages/airflow/example_dags/example_task_group.py for tasks to queue
[2021-08-02 03:15:42,672] {logging_mixin.py:104} INFO - [2021-08-02 03:15:42,672] {dagbag.py:496} INFO - Filling up the DagBag from /Users/chuck/dev/DataEngineering.Labs.AirflowProject/airflow/lib/python3.9/site-packages/airflow/example_dags/example_task_group.py
[2021-08-02 03:15:42,689] {scheduler_job.py:642} INFO - DAG(s) dict_keys(['example_task_group']) retrieved from /Users/chuck/dev/DataEngineering.Labs.AirflowProject/airflow/lib/python3.9/site-packages/airflow/example_dags/example_task_group.py
[2021-08-02 03:15:42,734] {logging_mixin.py:104} INFO - [2021-08-02 03:15:42,734] {dag.py:1833} INFO - Sync 1 DAGs
[2021-08-02 03:15:42,746] {logging_mixin.py:104} INFO - [2021-08-02 03:15:42,746] {dag.py:2306} INFO - Setting next_dagrun for example_task_group to 2021-07-31 00:00:00+00:00
[2021-08-02 03:15:42,758] {scheduler_job.py:189} INFO - Processing /Users/chuck/dev/DataEngineering.Labs.AirflowProject/airflow/lib/python3.9/site-packages/airflow/example_dags/example_task_group.py took 0.087 seconds
[2021-08-02 03:17:09,447] {scheduler_job.py:181} INFO - Started process (PID=84293) to work on /Users/chuck/dev/DataEngineering.Labs.AirflowProject/airflow/lib/python3.9/site-packages/airflow/example_dags/example_task_group.py
[2021-08-02 03:17:09,448] {scheduler_job.py:632} INFO - Processing file /Users/chuck/dev/DataEngineering.Labs.AirflowProject/airflow/lib/python3.9/site-packages/airflow/example_dags/example_task_group.py for tasks to queue
[2021-08-02 03:17:09,448] {logging_mixin.py:104} INFO - [2021-08-02 03:17:09,448] {dagbag.py:496} INFO - Filling up the DagBag from /Users/chuck/dev/DataEngineering.Labs.AirflowProject/airflow/lib/python3.9/site-packages/airflow/example_dags/example_task_group.py
[2021-08-02 03:17:09,459] {scheduler_job.py:642} INFO - DAG(s) dict_keys(['example_task_group']) retrieved from /Users/chuck/dev/DataEngineering.Labs.AirflowProject/airflow/lib/python3.9/site-packages/airflow/example_dags/example_task_group.py
[2021-08-02 03:17:09,495] {logging_mixin.py:104} INFO - [2021-08-02 03:17:09,495] {dag.py:1833} INFO - Sync 1 DAGs
[2021-08-02 03:17:09,503] {logging_mixin.py:104} INFO - [2021-08-02 03:17:09,503] {dag.py:2306} INFO - Setting next_dagrun for example_task_group to 2021-07-31 00:00:00+00:00
[2021-08-02 03:17:09,531] {scheduler_job.py:189} INFO - Processing /Users/chuck/dev/DataEngineering.Labs.AirflowProject/airflow/lib/python3.9/site-packages/airflow/example_dags/example_task_group.py took 0.085 seconds
