[2021-08-02 03:13:10,623] {scheduler_job.py:181} INFO - Started process (PID=84089) to work on /Users/chuck/dev/DataEngineering.Labs.AirflowProject/airflow/lib/python3.9/site-packages/airflow/example_dags/example_branch_python_dop_operator_3.py
[2021-08-02 03:13:10,623] {scheduler_job.py:632} INFO - Processing file /Users/chuck/dev/DataEngineering.Labs.AirflowProject/airflow/lib/python3.9/site-packages/airflow/example_dags/example_branch_python_dop_operator_3.py for tasks to queue
[2021-08-02 03:13:10,624] {logging_mixin.py:104} INFO - [2021-08-02 03:13:10,624] {dagbag.py:496} INFO - Filling up the DagBag from /Users/chuck/dev/DataEngineering.Labs.AirflowProject/airflow/lib/python3.9/site-packages/airflow/example_dags/example_branch_python_dop_operator_3.py
[2021-08-02 03:13:10,645] {scheduler_job.py:642} INFO - DAG(s) dict_keys(['example_branch_dop_operator_v3']) retrieved from /Users/chuck/dev/DataEngineering.Labs.AirflowProject/airflow/lib/python3.9/site-packages/airflow/example_dags/example_branch_python_dop_operator_3.py
[2021-08-02 03:13:10,984] {logging_mixin.py:104} INFO - [2021-08-02 03:13:10,983] {dag.py:1833} INFO - Sync 1 DAGs
[2021-08-02 03:13:11,000] {logging_mixin.py:104} INFO - [2021-08-02 03:13:11,000] {dag.py:2306} INFO - Setting next_dagrun for example_branch_dop_operator_v3 to 2021-07-31 00:00:00+00:00
[2021-08-02 03:13:11,013] {scheduler_job.py:189} INFO - Processing /Users/chuck/dev/DataEngineering.Labs.AirflowProject/airflow/lib/python3.9/site-packages/airflow/example_dags/example_branch_python_dop_operator_3.py took 0.391 seconds
[2021-08-02 03:15:58,972] {scheduler_job.py:181} INFO - Started process (PID=84226) to work on /Users/chuck/dev/DataEngineering.Labs.AirflowProject/airflow/lib/python3.9/site-packages/airflow/example_dags/example_branch_python_dop_operator_3.py
[2021-08-02 03:15:58,973] {scheduler_job.py:632} INFO - Processing file /Users/chuck/dev/DataEngineering.Labs.AirflowProject/airflow/lib/python3.9/site-packages/airflow/example_dags/example_branch_python_dop_operator_3.py for tasks to queue
[2021-08-02 03:15:58,973] {logging_mixin.py:104} INFO - [2021-08-02 03:15:58,973] {dagbag.py:496} INFO - Filling up the DagBag from /Users/chuck/dev/DataEngineering.Labs.AirflowProject/airflow/lib/python3.9/site-packages/airflow/example_dags/example_branch_python_dop_operator_3.py
[2021-08-02 03:15:58,983] {scheduler_job.py:642} INFO - DAG(s) dict_keys(['example_branch_dop_operator_v3']) retrieved from /Users/chuck/dev/DataEngineering.Labs.AirflowProject/airflow/lib/python3.9/site-packages/airflow/example_dags/example_branch_python_dop_operator_3.py
[2021-08-02 03:15:59,015] {logging_mixin.py:104} INFO - [2021-08-02 03:15:59,015] {dag.py:1833} INFO - Sync 1 DAGs
[2021-08-02 03:15:59,030] {logging_mixin.py:104} INFO - [2021-08-02 03:15:59,030] {dag.py:2306} INFO - Setting next_dagrun for example_branch_dop_operator_v3 to 2021-07-31 00:00:00+00:00
[2021-08-02 03:15:59,037] {scheduler_job.py:189} INFO - Processing /Users/chuck/dev/DataEngineering.Labs.AirflowProject/airflow/lib/python3.9/site-packages/airflow/example_dags/example_branch_python_dop_operator_3.py took 0.066 seconds
[2021-08-02 03:17:21,718] {scheduler_job.py:181} INFO - Started process (PID=84300) to work on /Users/chuck/dev/DataEngineering.Labs.AirflowProject/airflow/lib/python3.9/site-packages/airflow/example_dags/example_branch_python_dop_operator_3.py
[2021-08-02 03:17:21,719] {scheduler_job.py:632} INFO - Processing file /Users/chuck/dev/DataEngineering.Labs.AirflowProject/airflow/lib/python3.9/site-packages/airflow/example_dags/example_branch_python_dop_operator_3.py for tasks to queue
[2021-08-02 03:17:21,719] {logging_mixin.py:104} INFO - [2021-08-02 03:17:21,719] {dagbag.py:496} INFO - Filling up the DagBag from /Users/chuck/dev/DataEngineering.Labs.AirflowProject/airflow/lib/python3.9/site-packages/airflow/example_dags/example_branch_python_dop_operator_3.py
[2021-08-02 03:17:21,728] {scheduler_job.py:642} INFO - DAG(s) dict_keys(['example_branch_dop_operator_v3']) retrieved from /Users/chuck/dev/DataEngineering.Labs.AirflowProject/airflow/lib/python3.9/site-packages/airflow/example_dags/example_branch_python_dop_operator_3.py
[2021-08-02 03:17:21,756] {logging_mixin.py:104} INFO - [2021-08-02 03:17:21,756] {dag.py:1833} INFO - Sync 1 DAGs
[2021-08-02 03:17:21,769] {logging_mixin.py:104} INFO - [2021-08-02 03:17:21,769] {dag.py:2306} INFO - Setting next_dagrun for example_branch_dop_operator_v3 to 2021-07-31 00:00:00+00:00
[2021-08-02 03:17:21,776] {scheduler_job.py:189} INFO - Processing /Users/chuck/dev/DataEngineering.Labs.AirflowProject/airflow/lib/python3.9/site-packages/airflow/example_dags/example_branch_python_dop_operator_3.py took 0.058 seconds
