[2021-08-02 03:13:06,595] {scheduler_job.py:181} INFO - Started process (PID=84087) to work on /Users/chuck/dev/DataEngineering.Labs.AirflowProject/airflow/lib/python3.9/site-packages/airflow/example_dags/example_dag_decorator.py
[2021-08-02 03:13:06,596] {scheduler_job.py:632} INFO - Processing file /Users/chuck/dev/DataEngineering.Labs.AirflowProject/airflow/lib/python3.9/site-packages/airflow/example_dags/example_dag_decorator.py for tasks to queue
[2021-08-02 03:13:06,596] {logging_mixin.py:104} INFO - [2021-08-02 03:13:06,596] {dagbag.py:496} INFO - Filling up the DagBag from /Users/chuck/dev/DataEngineering.Labs.AirflowProject/airflow/lib/python3.9/site-packages/airflow/example_dags/example_dag_decorator.py
[2021-08-02 03:13:06,620] {scheduler_job.py:642} INFO - DAG(s) dict_keys(['example_dag_decorator']) retrieved from /Users/chuck/dev/DataEngineering.Labs.AirflowProject/airflow/lib/python3.9/site-packages/airflow/example_dags/example_dag_decorator.py
[2021-08-02 03:13:06,956] {logging_mixin.py:104} INFO - [2021-08-02 03:13:06,956] {dag.py:1833} INFO - Sync 1 DAGs
[2021-08-02 03:13:06,964] {logging_mixin.py:104} INFO - [2021-08-02 03:13:06,964] {dag.py:2306} INFO - Setting next_dagrun for example_dag_decorator to None
[2021-08-02 03:13:06,983] {scheduler_job.py:189} INFO - Processing /Users/chuck/dev/DataEngineering.Labs.AirflowProject/airflow/lib/python3.9/site-packages/airflow/example_dags/example_dag_decorator.py took 0.389 seconds
[2021-08-02 03:15:54,306] {scheduler_job.py:181} INFO - Started process (PID=84223) to work on /Users/chuck/dev/DataEngineering.Labs.AirflowProject/airflow/lib/python3.9/site-packages/airflow/example_dags/example_dag_decorator.py
[2021-08-02 03:15:54,307] {scheduler_job.py:632} INFO - Processing file /Users/chuck/dev/DataEngineering.Labs.AirflowProject/airflow/lib/python3.9/site-packages/airflow/example_dags/example_dag_decorator.py for tasks to queue
[2021-08-02 03:15:54,308] {logging_mixin.py:104} INFO - [2021-08-02 03:15:54,308] {dagbag.py:496} INFO - Filling up the DagBag from /Users/chuck/dev/DataEngineering.Labs.AirflowProject/airflow/lib/python3.9/site-packages/airflow/example_dags/example_dag_decorator.py
[2021-08-02 03:15:54,324] {scheduler_job.py:642} INFO - DAG(s) dict_keys(['example_dag_decorator']) retrieved from /Users/chuck/dev/DataEngineering.Labs.AirflowProject/airflow/lib/python3.9/site-packages/airflow/example_dags/example_dag_decorator.py
[2021-08-02 03:15:54,649] {logging_mixin.py:104} INFO - [2021-08-02 03:15:54,649] {dag.py:1833} INFO - Sync 1 DAGs
[2021-08-02 03:15:54,657] {logging_mixin.py:104} INFO - [2021-08-02 03:15:54,656] {dag.py:2306} INFO - Setting next_dagrun for example_dag_decorator to None
[2021-08-02 03:15:54,665] {scheduler_job.py:189} INFO - Processing /Users/chuck/dev/DataEngineering.Labs.AirflowProject/airflow/lib/python3.9/site-packages/airflow/example_dags/example_dag_decorator.py took 0.361 seconds
[2021-08-02 03:17:17,756] {scheduler_job.py:181} INFO - Started process (PID=84298) to work on /Users/chuck/dev/DataEngineering.Labs.AirflowProject/airflow/lib/python3.9/site-packages/airflow/example_dags/example_dag_decorator.py
[2021-08-02 03:17:17,757] {scheduler_job.py:632} INFO - Processing file /Users/chuck/dev/DataEngineering.Labs.AirflowProject/airflow/lib/python3.9/site-packages/airflow/example_dags/example_dag_decorator.py for tasks to queue
[2021-08-02 03:17:17,758] {logging_mixin.py:104} INFO - [2021-08-02 03:17:17,758] {dagbag.py:496} INFO - Filling up the DagBag from /Users/chuck/dev/DataEngineering.Labs.AirflowProject/airflow/lib/python3.9/site-packages/airflow/example_dags/example_dag_decorator.py
[2021-08-02 03:17:17,771] {scheduler_job.py:642} INFO - DAG(s) dict_keys(['example_dag_decorator']) retrieved from /Users/chuck/dev/DataEngineering.Labs.AirflowProject/airflow/lib/python3.9/site-packages/airflow/example_dags/example_dag_decorator.py
[2021-08-02 03:17:18,065] {logging_mixin.py:104} INFO - [2021-08-02 03:17:18,065] {dag.py:1833} INFO - Sync 1 DAGs
[2021-08-02 03:17:18,071] {logging_mixin.py:104} INFO - [2021-08-02 03:17:18,071] {dag.py:2306} INFO - Setting next_dagrun for example_dag_decorator to None
[2021-08-02 03:17:18,079] {scheduler_job.py:189} INFO - Processing /Users/chuck/dev/DataEngineering.Labs.AirflowProject/airflow/lib/python3.9/site-packages/airflow/example_dags/example_dag_decorator.py took 0.324 seconds
