[2021-08-02 03:13:16,025] {scheduler_job.py:181} INFO - Started process (PID=84093) to work on /Users/chuck/dev/DataEngineering.Labs.AirflowProject/airflow/lib/python3.9/site-packages/airflow/example_dags/example_branch_labels.py
[2021-08-02 03:13:16,027] {scheduler_job.py:632} INFO - Processing file /Users/chuck/dev/DataEngineering.Labs.AirflowProject/airflow/lib/python3.9/site-packages/airflow/example_dags/example_branch_labels.py for tasks to queue
[2021-08-02 03:13:16,027] {logging_mixin.py:104} INFO - [2021-08-02 03:13:16,027] {dagbag.py:496} INFO - Filling up the DagBag from /Users/chuck/dev/DataEngineering.Labs.AirflowProject/airflow/lib/python3.9/site-packages/airflow/example_dags/example_branch_labels.py
[2021-08-02 03:13:16,051] {scheduler_job.py:642} INFO - DAG(s) dict_keys(['example_branch_labels']) retrieved from /Users/chuck/dev/DataEngineering.Labs.AirflowProject/airflow/lib/python3.9/site-packages/airflow/example_dags/example_branch_labels.py
[2021-08-02 03:13:16,919] {logging_mixin.py:104} INFO - [2021-08-02 03:13:16,919] {dag.py:1833} INFO - Sync 1 DAGs
[2021-08-02 03:13:17,328] {logging_mixin.py:104} INFO - [2021-08-02 03:13:17,328] {dag.py:2306} INFO - Setting next_dagrun for example_branch_labels to 2021-07-31 00:00:00+00:00
[2021-08-02 03:13:17,345] {scheduler_job.py:189} INFO - Processing /Users/chuck/dev/DataEngineering.Labs.AirflowProject/airflow/lib/python3.9/site-packages/airflow/example_dags/example_branch_labels.py took 1.325 seconds
[2021-08-02 03:16:04,150] {scheduler_job.py:181} INFO - Started process (PID=84228) to work on /Users/chuck/dev/DataEngineering.Labs.AirflowProject/airflow/lib/python3.9/site-packages/airflow/example_dags/example_branch_labels.py
[2021-08-02 03:16:04,151] {scheduler_job.py:632} INFO - Processing file /Users/chuck/dev/DataEngineering.Labs.AirflowProject/airflow/lib/python3.9/site-packages/airflow/example_dags/example_branch_labels.py for tasks to queue
[2021-08-02 03:16:04,151] {logging_mixin.py:104} INFO - [2021-08-02 03:16:04,151] {dagbag.py:496} INFO - Filling up the DagBag from /Users/chuck/dev/DataEngineering.Labs.AirflowProject/airflow/lib/python3.9/site-packages/airflow/example_dags/example_branch_labels.py
[2021-08-02 03:16:04,185] {scheduler_job.py:642} INFO - DAG(s) dict_keys(['example_branch_labels']) retrieved from /Users/chuck/dev/DataEngineering.Labs.AirflowProject/airflow/lib/python3.9/site-packages/airflow/example_dags/example_branch_labels.py
[2021-08-02 03:16:04,268] {logging_mixin.py:104} INFO - [2021-08-02 03:16:04,268] {dag.py:1833} INFO - Sync 1 DAGs
[2021-08-02 03:16:04,285] {logging_mixin.py:104} INFO - [2021-08-02 03:16:04,285] {dag.py:2306} INFO - Setting next_dagrun for example_branch_labels to 2021-07-31 00:00:00+00:00
[2021-08-02 03:16:04,295] {scheduler_job.py:189} INFO - Processing /Users/chuck/dev/DataEngineering.Labs.AirflowProject/airflow/lib/python3.9/site-packages/airflow/example_dags/example_branch_labels.py took 0.145 seconds
[2021-08-02 03:17:26,276] {scheduler_job.py:181} INFO - Started process (PID=84303) to work on /Users/chuck/dev/DataEngineering.Labs.AirflowProject/airflow/lib/python3.9/site-packages/airflow/example_dags/example_branch_labels.py
[2021-08-02 03:17:26,277] {scheduler_job.py:632} INFO - Processing file /Users/chuck/dev/DataEngineering.Labs.AirflowProject/airflow/lib/python3.9/site-packages/airflow/example_dags/example_branch_labels.py for tasks to queue
[2021-08-02 03:17:26,278] {logging_mixin.py:104} INFO - [2021-08-02 03:17:26,277] {dagbag.py:496} INFO - Filling up the DagBag from /Users/chuck/dev/DataEngineering.Labs.AirflowProject/airflow/lib/python3.9/site-packages/airflow/example_dags/example_branch_labels.py
[2021-08-02 03:17:26,287] {scheduler_job.py:642} INFO - DAG(s) dict_keys(['example_branch_labels']) retrieved from /Users/chuck/dev/DataEngineering.Labs.AirflowProject/airflow/lib/python3.9/site-packages/airflow/example_dags/example_branch_labels.py
[2021-08-02 03:17:26,325] {logging_mixin.py:104} INFO - [2021-08-02 03:17:26,325] {dag.py:1833} INFO - Sync 1 DAGs
[2021-08-02 03:17:26,337] {logging_mixin.py:104} INFO - [2021-08-02 03:17:26,337] {dag.py:2306} INFO - Setting next_dagrun for example_branch_labels to 2021-07-31 00:00:00+00:00
[2021-08-02 03:17:26,345] {scheduler_job.py:189} INFO - Processing /Users/chuck/dev/DataEngineering.Labs.AirflowProject/airflow/lib/python3.9/site-packages/airflow/example_dags/example_branch_labels.py took 0.070 seconds
