[2021-08-02 03:13:09,094] {scheduler_job.py:181} INFO - Started process (PID=84088) to work on /Users/chuck/dev/DataEngineering.Labs.AirflowProject/airflow/lib/python3.9/site-packages/airflow/example_dags/example_complex.py
[2021-08-02 03:13:09,094] {scheduler_job.py:632} INFO - Processing file /Users/chuck/dev/DataEngineering.Labs.AirflowProject/airflow/lib/python3.9/site-packages/airflow/example_dags/example_complex.py for tasks to queue
[2021-08-02 03:13:09,094] {logging_mixin.py:104} INFO - [2021-08-02 03:13:09,094] {dagbag.py:496} INFO - Filling up the DagBag from /Users/chuck/dev/DataEngineering.Labs.AirflowProject/airflow/lib/python3.9/site-packages/airflow/example_dags/example_complex.py
[2021-08-02 03:13:09,110] {scheduler_job.py:642} INFO - DAG(s) dict_keys(['example_complex']) retrieved from /Users/chuck/dev/DataEngineering.Labs.AirflowProject/airflow/lib/python3.9/site-packages/airflow/example_dags/example_complex.py
[2021-08-02 03:13:09,446] {logging_mixin.py:104} INFO - [2021-08-02 03:13:09,446] {dag.py:1833} INFO - Sync 1 DAGs
[2021-08-02 03:13:09,455] {logging_mixin.py:104} INFO - [2021-08-02 03:13:09,455] {dag.py:2306} INFO - Setting next_dagrun for example_complex to None
[2021-08-02 03:13:09,475] {scheduler_job.py:189} INFO - Processing /Users/chuck/dev/DataEngineering.Labs.AirflowProject/airflow/lib/python3.9/site-packages/airflow/example_dags/example_complex.py took 0.382 seconds
[2021-08-02 03:15:56,627] {scheduler_job.py:181} INFO - Started process (PID=84224) to work on /Users/chuck/dev/DataEngineering.Labs.AirflowProject/airflow/lib/python3.9/site-packages/airflow/example_dags/example_complex.py
[2021-08-02 03:15:56,628] {scheduler_job.py:632} INFO - Processing file /Users/chuck/dev/DataEngineering.Labs.AirflowProject/airflow/lib/python3.9/site-packages/airflow/example_dags/example_complex.py for tasks to queue
[2021-08-02 03:15:56,629] {logging_mixin.py:104} INFO - [2021-08-02 03:15:56,629] {dagbag.py:496} INFO - Filling up the DagBag from /Users/chuck/dev/DataEngineering.Labs.AirflowProject/airflow/lib/python3.9/site-packages/airflow/example_dags/example_complex.py
[2021-08-02 03:15:56,659] {scheduler_job.py:642} INFO - DAG(s) dict_keys(['example_complex']) retrieved from /Users/chuck/dev/DataEngineering.Labs.AirflowProject/airflow/lib/python3.9/site-packages/airflow/example_dags/example_complex.py
[2021-08-02 03:15:56,706] {logging_mixin.py:104} INFO - [2021-08-02 03:15:56,706] {dag.py:1833} INFO - Sync 1 DAGs
[2021-08-02 03:15:56,714] {logging_mixin.py:104} INFO - [2021-08-02 03:15:56,714] {dag.py:2306} INFO - Setting next_dagrun for example_complex to None
[2021-08-02 03:15:56,721] {scheduler_job.py:189} INFO - Processing /Users/chuck/dev/DataEngineering.Labs.AirflowProject/airflow/lib/python3.9/site-packages/airflow/example_dags/example_complex.py took 0.096 seconds
[2021-08-02 03:17:20,102] {scheduler_job.py:181} INFO - Started process (PID=84299) to work on /Users/chuck/dev/DataEngineering.Labs.AirflowProject/airflow/lib/python3.9/site-packages/airflow/example_dags/example_complex.py
[2021-08-02 03:17:20,103] {scheduler_job.py:632} INFO - Processing file /Users/chuck/dev/DataEngineering.Labs.AirflowProject/airflow/lib/python3.9/site-packages/airflow/example_dags/example_complex.py for tasks to queue
[2021-08-02 03:17:20,103] {logging_mixin.py:104} INFO - [2021-08-02 03:17:20,103] {dagbag.py:496} INFO - Filling up the DagBag from /Users/chuck/dev/DataEngineering.Labs.AirflowProject/airflow/lib/python3.9/site-packages/airflow/example_dags/example_complex.py
[2021-08-02 03:17:20,118] {scheduler_job.py:642} INFO - DAG(s) dict_keys(['example_complex']) retrieved from /Users/chuck/dev/DataEngineering.Labs.AirflowProject/airflow/lib/python3.9/site-packages/airflow/example_dags/example_complex.py
[2021-08-02 03:17:20,150] {logging_mixin.py:104} INFO - [2021-08-02 03:17:20,150] {dag.py:1833} INFO - Sync 1 DAGs
[2021-08-02 03:17:20,157] {logging_mixin.py:104} INFO - [2021-08-02 03:17:20,157] {dag.py:2306} INFO - Setting next_dagrun for example_complex to None
[2021-08-02 03:17:20,165] {scheduler_job.py:189} INFO - Processing /Users/chuck/dev/DataEngineering.Labs.AirflowProject/airflow/lib/python3.9/site-packages/airflow/example_dags/example_complex.py took 0.063 seconds
