[2021-08-02 03:13:28,304] {scheduler_job.py:181} INFO - Started process (PID=84103) to work on /Users/chuck/dev/DataEngineering.Labs.AirflowProject/airflow/lib/python3.9/site-packages/airflow/example_dags/example_bash_operator.py
[2021-08-02 03:13:28,304] {scheduler_job.py:632} INFO - Processing file /Users/chuck/dev/DataEngineering.Labs.AirflowProject/airflow/lib/python3.9/site-packages/airflow/example_dags/example_bash_operator.py for tasks to queue
[2021-08-02 03:13:28,305] {logging_mixin.py:104} INFO - [2021-08-02 03:13:28,305] {dagbag.py:496} INFO - Filling up the DagBag from /Users/chuck/dev/DataEngineering.Labs.AirflowProject/airflow/lib/python3.9/site-packages/airflow/example_dags/example_bash_operator.py
[2021-08-02 03:13:28,343] {scheduler_job.py:642} INFO - DAG(s) dict_keys(['example_bash_operator']) retrieved from /Users/chuck/dev/DataEngineering.Labs.AirflowProject/airflow/lib/python3.9/site-packages/airflow/example_dags/example_bash_operator.py
[2021-08-02 03:13:28,917] {logging_mixin.py:104} INFO - [2021-08-02 03:13:28,917] {dag.py:1833} INFO - Sync 1 DAGs
[2021-08-02 03:13:28,943] {logging_mixin.py:104} INFO - [2021-08-02 03:13:28,943] {dag.py:2306} INFO - Setting next_dagrun for example_bash_operator to 2021-07-31 00:00:00+00:00
[2021-08-02 03:13:28,960] {scheduler_job.py:189} INFO - Processing /Users/chuck/dev/DataEngineering.Labs.AirflowProject/airflow/lib/python3.9/site-packages/airflow/example_dags/example_bash_operator.py took 0.658 seconds
[2021-08-02 03:16:10,650] {scheduler_job.py:181} INFO - Started process (PID=84231) to work on /Users/chuck/dev/DataEngineering.Labs.AirflowProject/airflow/lib/python3.9/site-packages/airflow/example_dags/example_bash_operator.py
[2021-08-02 03:16:10,651] {scheduler_job.py:632} INFO - Processing file /Users/chuck/dev/DataEngineering.Labs.AirflowProject/airflow/lib/python3.9/site-packages/airflow/example_dags/example_bash_operator.py for tasks to queue
[2021-08-02 03:16:10,652] {logging_mixin.py:104} INFO - [2021-08-02 03:16:10,652] {dagbag.py:496} INFO - Filling up the DagBag from /Users/chuck/dev/DataEngineering.Labs.AirflowProject/airflow/lib/python3.9/site-packages/airflow/example_dags/example_bash_operator.py
[2021-08-02 03:16:10,664] {scheduler_job.py:642} INFO - DAG(s) dict_keys(['example_bash_operator']) retrieved from /Users/chuck/dev/DataEngineering.Labs.AirflowProject/airflow/lib/python3.9/site-packages/airflow/example_dags/example_bash_operator.py
[2021-08-02 03:16:10,703] {logging_mixin.py:104} INFO - [2021-08-02 03:16:10,702] {dag.py:1833} INFO - Sync 1 DAGs
[2021-08-02 03:16:10,712] {logging_mixin.py:104} INFO - [2021-08-02 03:16:10,712] {dag.py:2306} INFO - Setting next_dagrun for example_bash_operator to 2021-07-31 00:00:00+00:00
[2021-08-02 03:16:10,720] {scheduler_job.py:189} INFO - Processing /Users/chuck/dev/DataEngineering.Labs.AirflowProject/airflow/lib/python3.9/site-packages/airflow/example_dags/example_bash_operator.py took 0.071 seconds
[2021-08-02 03:17:33,496] {scheduler_job.py:181} INFO - Started process (PID=84308) to work on /Users/chuck/dev/DataEngineering.Labs.AirflowProject/airflow/lib/python3.9/site-packages/airflow/example_dags/example_bash_operator.py
[2021-08-02 03:17:33,497] {scheduler_job.py:632} INFO - Processing file /Users/chuck/dev/DataEngineering.Labs.AirflowProject/airflow/lib/python3.9/site-packages/airflow/example_dags/example_bash_operator.py for tasks to queue
[2021-08-02 03:17:33,498] {logging_mixin.py:104} INFO - [2021-08-02 03:17:33,497] {dagbag.py:496} INFO - Filling up the DagBag from /Users/chuck/dev/DataEngineering.Labs.AirflowProject/airflow/lib/python3.9/site-packages/airflow/example_dags/example_bash_operator.py
[2021-08-02 03:17:33,535] {scheduler_job.py:642} INFO - DAG(s) dict_keys(['example_bash_operator']) retrieved from /Users/chuck/dev/DataEngineering.Labs.AirflowProject/airflow/lib/python3.9/site-packages/airflow/example_dags/example_bash_operator.py
[2021-08-02 03:17:33,581] {logging_mixin.py:104} INFO - [2021-08-02 03:17:33,580] {dag.py:1833} INFO - Sync 1 DAGs
[2021-08-02 03:17:33,594] {logging_mixin.py:104} INFO - [2021-08-02 03:17:33,593] {dag.py:2306} INFO - Setting next_dagrun for example_bash_operator to 2021-07-31 00:00:00+00:00
[2021-08-02 03:17:33,605] {scheduler_job.py:189} INFO - Processing /Users/chuck/dev/DataEngineering.Labs.AirflowProject/airflow/lib/python3.9/site-packages/airflow/example_dags/example_bash_operator.py took 0.111 seconds
