[2021-08-02 03:12:43,279] {scheduler_job.py:181} INFO - Started process (PID=84073) to work on /Users/chuck/dev/DataEngineering.Labs.AirflowProject/airflow/lib/python3.9/site-packages/airflow/example_dags/example_short_circuit_operator.py
[2021-08-02 03:12:43,280] {scheduler_job.py:632} INFO - Processing file /Users/chuck/dev/DataEngineering.Labs.AirflowProject/airflow/lib/python3.9/site-packages/airflow/example_dags/example_short_circuit_operator.py for tasks to queue
[2021-08-02 03:12:43,280] {logging_mixin.py:104} INFO - [2021-08-02 03:12:43,280] {dagbag.py:496} INFO - Filling up the DagBag from /Users/chuck/dev/DataEngineering.Labs.AirflowProject/airflow/lib/python3.9/site-packages/airflow/example_dags/example_short_circuit_operator.py
[2021-08-02 03:12:43,294] {scheduler_job.py:642} INFO - DAG(s) dict_keys(['example_short_circuit_operator']) retrieved from /Users/chuck/dev/DataEngineering.Labs.AirflowProject/airflow/lib/python3.9/site-packages/airflow/example_dags/example_short_circuit_operator.py
[2021-08-02 03:12:43,682] {logging_mixin.py:104} INFO - [2021-08-02 03:12:43,682] {dag.py:1833} INFO - Sync 1 DAGs
[2021-08-02 03:12:43,695] {logging_mixin.py:104} INFO - [2021-08-02 03:12:43,695] {dag.py:2306} INFO - Setting next_dagrun for example_short_circuit_operator to 2021-07-31 00:00:00+00:00
[2021-08-02 03:12:43,707] {scheduler_job.py:189} INFO - Processing /Users/chuck/dev/DataEngineering.Labs.AirflowProject/airflow/lib/python3.9/site-packages/airflow/example_dags/example_short_circuit_operator.py took 0.429 seconds
[2021-08-02 03:14:24,912] {scheduler_job.py:181} INFO - Started process (PID=84152) to work on /Users/chuck/dev/DataEngineering.Labs.AirflowProject/airflow/lib/python3.9/site-packages/airflow/example_dags/example_short_circuit_operator.py
[2021-08-02 03:14:24,912] {scheduler_job.py:632} INFO - Processing file /Users/chuck/dev/DataEngineering.Labs.AirflowProject/airflow/lib/python3.9/site-packages/airflow/example_dags/example_short_circuit_operator.py for tasks to queue
[2021-08-02 03:14:24,913] {logging_mixin.py:104} INFO - [2021-08-02 03:14:24,913] {dagbag.py:496} INFO - Filling up the DagBag from /Users/chuck/dev/DataEngineering.Labs.AirflowProject/airflow/lib/python3.9/site-packages/airflow/example_dags/example_short_circuit_operator.py
[2021-08-02 03:14:24,923] {scheduler_job.py:642} INFO - DAG(s) dict_keys(['example_short_circuit_operator']) retrieved from /Users/chuck/dev/DataEngineering.Labs.AirflowProject/airflow/lib/python3.9/site-packages/airflow/example_dags/example_short_circuit_operator.py
[2021-08-02 03:14:24,959] {logging_mixin.py:104} INFO - [2021-08-02 03:14:24,959] {dag.py:1833} INFO - Sync 1 DAGs
[2021-08-02 03:14:24,967] {logging_mixin.py:104} INFO - [2021-08-02 03:14:24,967] {dag.py:2306} INFO - Setting next_dagrun for example_short_circuit_operator to 2021-07-31 00:00:00+00:00
[2021-08-02 03:14:24,975] {scheduler_job.py:189} INFO - Processing /Users/chuck/dev/DataEngineering.Labs.AirflowProject/airflow/lib/python3.9/site-packages/airflow/example_dags/example_short_circuit_operator.py took 0.064 seconds
[2021-08-02 03:16:41,177] {scheduler_job.py:181} INFO - Started process (PID=84251) to work on /Users/chuck/dev/DataEngineering.Labs.AirflowProject/airflow/lib/python3.9/site-packages/airflow/example_dags/example_short_circuit_operator.py
[2021-08-02 03:16:41,178] {scheduler_job.py:632} INFO - Processing file /Users/chuck/dev/DataEngineering.Labs.AirflowProject/airflow/lib/python3.9/site-packages/airflow/example_dags/example_short_circuit_operator.py for tasks to queue
[2021-08-02 03:16:41,178] {logging_mixin.py:104} INFO - [2021-08-02 03:16:41,178] {dagbag.py:496} INFO - Filling up the DagBag from /Users/chuck/dev/DataEngineering.Labs.AirflowProject/airflow/lib/python3.9/site-packages/airflow/example_dags/example_short_circuit_operator.py
[2021-08-02 03:16:41,187] {scheduler_job.py:642} INFO - DAG(s) dict_keys(['example_short_circuit_operator']) retrieved from /Users/chuck/dev/DataEngineering.Labs.AirflowProject/airflow/lib/python3.9/site-packages/airflow/example_dags/example_short_circuit_operator.py
[2021-08-02 03:16:41,224] {logging_mixin.py:104} INFO - [2021-08-02 03:16:41,223] {dag.py:1833} INFO - Sync 1 DAGs
[2021-08-02 03:16:41,232] {logging_mixin.py:104} INFO - [2021-08-02 03:16:41,232] {dag.py:2306} INFO - Setting next_dagrun for example_short_circuit_operator to 2021-07-31 00:00:00+00:00
[2021-08-02 03:16:41,240] {scheduler_job.py:189} INFO - Processing /Users/chuck/dev/DataEngineering.Labs.AirflowProject/airflow/lib/python3.9/site-packages/airflow/example_dags/example_short_circuit_operator.py took 0.063 seconds
