[2021-08-02 03:12:09,444] {scheduler_job.py:181} INFO - Started process (PID=84056) to work on /Users/chuck/dev/DataEngineering.Labs.AirflowProject/airflow/lib/python3.9/site-packages/airflow/example_dags/tutorial_etl_dag.py
[2021-08-02 03:12:09,444] {scheduler_job.py:632} INFO - Processing file /Users/chuck/dev/DataEngineering.Labs.AirflowProject/airflow/lib/python3.9/site-packages/airflow/example_dags/tutorial_etl_dag.py for tasks to queue
[2021-08-02 03:12:09,445] {logging_mixin.py:104} INFO - [2021-08-02 03:12:09,445] {dagbag.py:496} INFO - Filling up the DagBag from /Users/chuck/dev/DataEngineering.Labs.AirflowProject/airflow/lib/python3.9/site-packages/airflow/example_dags/tutorial_etl_dag.py
[2021-08-02 03:12:09,455] {scheduler_job.py:642} INFO - DAG(s) dict_keys(['tutorial_etl_dag']) retrieved from /Users/chuck/dev/DataEngineering.Labs.AirflowProject/airflow/lib/python3.9/site-packages/airflow/example_dags/tutorial_etl_dag.py
[2021-08-02 03:12:09,916] {logging_mixin.py:104} INFO - [2021-08-02 03:12:09,916] {dag.py:1833} INFO - Sync 1 DAGs
[2021-08-02 03:12:09,923] {logging_mixin.py:104} INFO - [2021-08-02 03:12:09,923] {dag.py:2306} INFO - Setting next_dagrun for tutorial_etl_dag to None
[2021-08-02 03:12:09,932] {scheduler_job.py:189} INFO - Processing /Users/chuck/dev/DataEngineering.Labs.AirflowProject/airflow/lib/python3.9/site-packages/airflow/example_dags/tutorial_etl_dag.py took 0.489 seconds
[2021-08-02 03:13:48,703] {scheduler_job.py:181} INFO - Started process (PID=84121) to work on /Users/chuck/dev/DataEngineering.Labs.AirflowProject/airflow/lib/python3.9/site-packages/airflow/example_dags/tutorial_etl_dag.py
[2021-08-02 03:13:48,705] {scheduler_job.py:632} INFO - Processing file /Users/chuck/dev/DataEngineering.Labs.AirflowProject/airflow/lib/python3.9/site-packages/airflow/example_dags/tutorial_etl_dag.py for tasks to queue
[2021-08-02 03:13:48,706] {logging_mixin.py:104} INFO - [2021-08-02 03:13:48,706] {dagbag.py:496} INFO - Filling up the DagBag from /Users/chuck/dev/DataEngineering.Labs.AirflowProject/airflow/lib/python3.9/site-packages/airflow/example_dags/tutorial_etl_dag.py
[2021-08-02 03:13:48,720] {scheduler_job.py:642} INFO - DAG(s) dict_keys(['tutorial_etl_dag']) retrieved from /Users/chuck/dev/DataEngineering.Labs.AirflowProject/airflow/lib/python3.9/site-packages/airflow/example_dags/tutorial_etl_dag.py
[2021-08-02 03:13:48,797] {logging_mixin.py:104} INFO - [2021-08-02 03:13:48,796] {dag.py:1833} INFO - Sync 1 DAGs
[2021-08-02 03:13:48,812] {logging_mixin.py:104} INFO - [2021-08-02 03:13:48,811] {dag.py:2306} INFO - Setting next_dagrun for tutorial_etl_dag to None
[2021-08-02 03:13:48,821] {scheduler_job.py:189} INFO - Processing /Users/chuck/dev/DataEngineering.Labs.AirflowProject/airflow/lib/python3.9/site-packages/airflow/example_dags/tutorial_etl_dag.py took 0.119 seconds
[2021-08-02 03:15:24,660] {scheduler_job.py:181} INFO - Started process (PID=84194) to work on /Users/chuck/dev/DataEngineering.Labs.AirflowProject/airflow/lib/python3.9/site-packages/airflow/example_dags/tutorial_etl_dag.py
[2021-08-02 03:15:24,661] {scheduler_job.py:632} INFO - Processing file /Users/chuck/dev/DataEngineering.Labs.AirflowProject/airflow/lib/python3.9/site-packages/airflow/example_dags/tutorial_etl_dag.py for tasks to queue
[2021-08-02 03:15:24,661] {logging_mixin.py:104} INFO - [2021-08-02 03:15:24,661] {dagbag.py:496} INFO - Filling up the DagBag from /Users/chuck/dev/DataEngineering.Labs.AirflowProject/airflow/lib/python3.9/site-packages/airflow/example_dags/tutorial_etl_dag.py
[2021-08-02 03:15:24,669] {scheduler_job.py:642} INFO - DAG(s) dict_keys(['tutorial_etl_dag']) retrieved from /Users/chuck/dev/DataEngineering.Labs.AirflowProject/airflow/lib/python3.9/site-packages/airflow/example_dags/tutorial_etl_dag.py
[2021-08-02 03:15:24,703] {logging_mixin.py:104} INFO - [2021-08-02 03:15:24,703] {dag.py:1833} INFO - Sync 1 DAGs
[2021-08-02 03:15:24,714] {logging_mixin.py:104} INFO - [2021-08-02 03:15:24,714] {dag.py:2306} INFO - Setting next_dagrun for tutorial_etl_dag to None
[2021-08-02 03:15:24,722] {scheduler_job.py:189} INFO - Processing /Users/chuck/dev/DataEngineering.Labs.AirflowProject/airflow/lib/python3.9/site-packages/airflow/example_dags/tutorial_etl_dag.py took 0.063 seconds
[2021-08-02 03:16:22,258] {scheduler_job.py:181} INFO - Started process (PID=84236) to work on /Users/chuck/dev/DataEngineering.Labs.AirflowProject/airflow/lib/python3.9/site-packages/airflow/example_dags/tutorial_etl_dag.py
[2021-08-02 03:16:22,258] {scheduler_job.py:632} INFO - Processing file /Users/chuck/dev/DataEngineering.Labs.AirflowProject/airflow/lib/python3.9/site-packages/airflow/example_dags/tutorial_etl_dag.py for tasks to queue
[2021-08-02 03:16:22,259] {logging_mixin.py:104} INFO - [2021-08-02 03:16:22,259] {dagbag.py:496} INFO - Filling up the DagBag from /Users/chuck/dev/DataEngineering.Labs.AirflowProject/airflow/lib/python3.9/site-packages/airflow/example_dags/tutorial_etl_dag.py
[2021-08-02 03:16:22,268] {scheduler_job.py:642} INFO - DAG(s) dict_keys(['tutorial_etl_dag']) retrieved from /Users/chuck/dev/DataEngineering.Labs.AirflowProject/airflow/lib/python3.9/site-packages/airflow/example_dags/tutorial_etl_dag.py
[2021-08-02 03:16:22,300] {logging_mixin.py:104} INFO - [2021-08-02 03:16:22,300] {dag.py:1833} INFO - Sync 1 DAGs
[2021-08-02 03:16:22,308] {logging_mixin.py:104} INFO - [2021-08-02 03:16:22,307] {dag.py:2306} INFO - Setting next_dagrun for tutorial_etl_dag to None
[2021-08-02 03:16:22,316] {scheduler_job.py:189} INFO - Processing /Users/chuck/dev/DataEngineering.Labs.AirflowProject/airflow/lib/python3.9/site-packages/airflow/example_dags/tutorial_etl_dag.py took 0.058 seconds
[2021-08-02 03:17:05,284] {scheduler_job.py:181} INFO - Started process (PID=84288) to work on /Users/chuck/dev/DataEngineering.Labs.AirflowProject/airflow/lib/python3.9/site-packages/airflow/example_dags/tutorial_etl_dag.py
[2021-08-02 03:17:05,284] {scheduler_job.py:632} INFO - Processing file /Users/chuck/dev/DataEngineering.Labs.AirflowProject/airflow/lib/python3.9/site-packages/airflow/example_dags/tutorial_etl_dag.py for tasks to queue
[2021-08-02 03:17:05,285] {logging_mixin.py:104} INFO - [2021-08-02 03:17:05,285] {dagbag.py:496} INFO - Filling up the DagBag from /Users/chuck/dev/DataEngineering.Labs.AirflowProject/airflow/lib/python3.9/site-packages/airflow/example_dags/tutorial_etl_dag.py
[2021-08-02 03:17:05,291] {scheduler_job.py:642} INFO - DAG(s) dict_keys(['tutorial_etl_dag']) retrieved from /Users/chuck/dev/DataEngineering.Labs.AirflowProject/airflow/lib/python3.9/site-packages/airflow/example_dags/tutorial_etl_dag.py
[2021-08-02 03:17:05,319] {logging_mixin.py:104} INFO - [2021-08-02 03:17:05,319] {dag.py:1833} INFO - Sync 1 DAGs
[2021-08-02 03:17:05,326] {logging_mixin.py:104} INFO - [2021-08-02 03:17:05,326] {dag.py:2306} INFO - Setting next_dagrun for tutorial_etl_dag to None
[2021-08-02 03:17:05,332] {scheduler_job.py:189} INFO - Processing /Users/chuck/dev/DataEngineering.Labs.AirflowProject/airflow/lib/python3.9/site-packages/airflow/example_dags/tutorial_etl_dag.py took 0.049 seconds
