[2021-08-02 03:12:06,758] {scheduler_job.py:181} INFO - Started process (PID=84054) to work on /Users/chuck/dev/DataEngineering.Labs.AirflowProject/airflow/lib/python3.9/site-packages/airflow/example_dags/tutorial_taskflow_api_etl.py
[2021-08-02 03:12:06,759] {scheduler_job.py:632} INFO - Processing file /Users/chuck/dev/DataEngineering.Labs.AirflowProject/airflow/lib/python3.9/site-packages/airflow/example_dags/tutorial_taskflow_api_etl.py for tasks to queue
[2021-08-02 03:12:06,759] {logging_mixin.py:104} INFO - [2021-08-02 03:12:06,759] {dagbag.py:496} INFO - Filling up the DagBag from /Users/chuck/dev/DataEngineering.Labs.AirflowProject/airflow/lib/python3.9/site-packages/airflow/example_dags/tutorial_taskflow_api_etl.py
[2021-08-02 03:12:06,779] {scheduler_job.py:642} INFO - DAG(s) dict_keys(['tutorial_taskflow_api_etl']) retrieved from /Users/chuck/dev/DataEngineering.Labs.AirflowProject/airflow/lib/python3.9/site-packages/airflow/example_dags/tutorial_taskflow_api_etl.py
[2021-08-02 03:12:07,058] {logging_mixin.py:104} INFO - [2021-08-02 03:12:07,057] {dag.py:1833} INFO - Sync 1 DAGs
[2021-08-02 03:12:07,064] {logging_mixin.py:104} INFO - [2021-08-02 03:12:07,064] {dag.py:2306} INFO - Setting next_dagrun for tutorial_taskflow_api_etl to None
[2021-08-02 03:12:07,082] {scheduler_job.py:189} INFO - Processing /Users/chuck/dev/DataEngineering.Labs.AirflowProject/airflow/lib/python3.9/site-packages/airflow/example_dags/tutorial_taskflow_api_etl.py took 0.324 seconds
[2021-08-02 03:13:44,782] {scheduler_job.py:181} INFO - Started process (PID=84119) to work on /Users/chuck/dev/DataEngineering.Labs.AirflowProject/airflow/lib/python3.9/site-packages/airflow/example_dags/tutorial_taskflow_api_etl.py
[2021-08-02 03:13:44,783] {scheduler_job.py:632} INFO - Processing file /Users/chuck/dev/DataEngineering.Labs.AirflowProject/airflow/lib/python3.9/site-packages/airflow/example_dags/tutorial_taskflow_api_etl.py for tasks to queue
[2021-08-02 03:13:44,784] {logging_mixin.py:104} INFO - [2021-08-02 03:13:44,783] {dagbag.py:496} INFO - Filling up the DagBag from /Users/chuck/dev/DataEngineering.Labs.AirflowProject/airflow/lib/python3.9/site-packages/airflow/example_dags/tutorial_taskflow_api_etl.py
[2021-08-02 03:13:44,801] {scheduler_job.py:642} INFO - DAG(s) dict_keys(['tutorial_taskflow_api_etl']) retrieved from /Users/chuck/dev/DataEngineering.Labs.AirflowProject/airflow/lib/python3.9/site-packages/airflow/example_dags/tutorial_taskflow_api_etl.py
[2021-08-02 03:13:45,326] {logging_mixin.py:104} INFO - [2021-08-02 03:13:45,325] {dag.py:1833} INFO - Sync 1 DAGs
[2021-08-02 03:13:45,389] {logging_mixin.py:104} INFO - [2021-08-02 03:13:45,389] {dag.py:2306} INFO - Setting next_dagrun for tutorial_taskflow_api_etl to None
[2021-08-02 03:13:45,406] {scheduler_job.py:189} INFO - Processing /Users/chuck/dev/DataEngineering.Labs.AirflowProject/airflow/lib/python3.9/site-packages/airflow/example_dags/tutorial_taskflow_api_etl.py took 0.631 seconds
[2021-08-02 03:15:21,755] {scheduler_job.py:181} INFO - Started process (PID=84193) to work on /Users/chuck/dev/DataEngineering.Labs.AirflowProject/airflow/lib/python3.9/site-packages/airflow/example_dags/tutorial_taskflow_api_etl.py
[2021-08-02 03:15:21,756] {scheduler_job.py:632} INFO - Processing file /Users/chuck/dev/DataEngineering.Labs.AirflowProject/airflow/lib/python3.9/site-packages/airflow/example_dags/tutorial_taskflow_api_etl.py for tasks to queue
[2021-08-02 03:15:21,757] {logging_mixin.py:104} INFO - [2021-08-02 03:15:21,757] {dagbag.py:496} INFO - Filling up the DagBag from /Users/chuck/dev/DataEngineering.Labs.AirflowProject/airflow/lib/python3.9/site-packages/airflow/example_dags/tutorial_taskflow_api_etl.py
[2021-08-02 03:15:21,776] {scheduler_job.py:642} INFO - DAG(s) dict_keys(['tutorial_taskflow_api_etl']) retrieved from /Users/chuck/dev/DataEngineering.Labs.AirflowProject/airflow/lib/python3.9/site-packages/airflow/example_dags/tutorial_taskflow_api_etl.py
[2021-08-02 03:15:22,309] {logging_mixin.py:104} INFO - [2021-08-02 03:15:22,309] {dag.py:1833} INFO - Sync 1 DAGs
[2021-08-02 03:15:22,321] {logging_mixin.py:104} INFO - [2021-08-02 03:15:22,321] {dag.py:2306} INFO - Setting next_dagrun for tutorial_taskflow_api_etl to None
[2021-08-02 03:15:22,344] {scheduler_job.py:189} INFO - Processing /Users/chuck/dev/DataEngineering.Labs.AirflowProject/airflow/lib/python3.9/site-packages/airflow/example_dags/tutorial_taskflow_api_etl.py took 0.589 seconds
[2021-08-02 03:16:19,652] {scheduler_job.py:181} INFO - Started process (PID=84235) to work on /Users/chuck/dev/DataEngineering.Labs.AirflowProject/airflow/lib/python3.9/site-packages/airflow/example_dags/tutorial_taskflow_api_etl.py
[2021-08-02 03:16:19,653] {scheduler_job.py:632} INFO - Processing file /Users/chuck/dev/DataEngineering.Labs.AirflowProject/airflow/lib/python3.9/site-packages/airflow/example_dags/tutorial_taskflow_api_etl.py for tasks to queue
[2021-08-02 03:16:19,654] {logging_mixin.py:104} INFO - [2021-08-02 03:16:19,654] {dagbag.py:496} INFO - Filling up the DagBag from /Users/chuck/dev/DataEngineering.Labs.AirflowProject/airflow/lib/python3.9/site-packages/airflow/example_dags/tutorial_taskflow_api_etl.py
[2021-08-02 03:16:19,674] {scheduler_job.py:642} INFO - DAG(s) dict_keys(['tutorial_taskflow_api_etl']) retrieved from /Users/chuck/dev/DataEngineering.Labs.AirflowProject/airflow/lib/python3.9/site-packages/airflow/example_dags/tutorial_taskflow_api_etl.py
[2021-08-02 03:16:19,995] {logging_mixin.py:104} INFO - [2021-08-02 03:16:19,994] {dag.py:1833} INFO - Sync 1 DAGs
[2021-08-02 03:16:20,001] {logging_mixin.py:104} INFO - [2021-08-02 03:16:20,001] {dag.py:2306} INFO - Setting next_dagrun for tutorial_taskflow_api_etl to None
[2021-08-02 03:16:20,010] {scheduler_job.py:189} INFO - Processing /Users/chuck/dev/DataEngineering.Labs.AirflowProject/airflow/lib/python3.9/site-packages/airflow/example_dags/tutorial_taskflow_api_etl.py took 0.358 seconds
[2021-08-02 03:17:03,005] {scheduler_job.py:181} INFO - Started process (PID=84285) to work on /Users/chuck/dev/DataEngineering.Labs.AirflowProject/airflow/lib/python3.9/site-packages/airflow/example_dags/tutorial_taskflow_api_etl.py
[2021-08-02 03:17:03,007] {scheduler_job.py:632} INFO - Processing file /Users/chuck/dev/DataEngineering.Labs.AirflowProject/airflow/lib/python3.9/site-packages/airflow/example_dags/tutorial_taskflow_api_etl.py for tasks to queue
[2021-08-02 03:17:03,008] {logging_mixin.py:104} INFO - [2021-08-02 03:17:03,008] {dagbag.py:496} INFO - Filling up the DagBag from /Users/chuck/dev/DataEngineering.Labs.AirflowProject/airflow/lib/python3.9/site-packages/airflow/example_dags/tutorial_taskflow_api_etl.py
[2021-08-02 03:17:03,017] {scheduler_job.py:642} INFO - DAG(s) dict_keys(['tutorial_taskflow_api_etl']) retrieved from /Users/chuck/dev/DataEngineering.Labs.AirflowProject/airflow/lib/python3.9/site-packages/airflow/example_dags/tutorial_taskflow_api_etl.py
[2021-08-02 03:17:03,284] {logging_mixin.py:104} INFO - [2021-08-02 03:17:03,284] {dag.py:1833} INFO - Sync 1 DAGs
[2021-08-02 03:17:03,290] {logging_mixin.py:104} INFO - [2021-08-02 03:17:03,290] {dag.py:2306} INFO - Setting next_dagrun for tutorial_taskflow_api_etl to None
[2021-08-02 03:17:03,298] {scheduler_job.py:189} INFO - Processing /Users/chuck/dev/DataEngineering.Labs.AirflowProject/airflow/lib/python3.9/site-packages/airflow/example_dags/tutorial_taskflow_api_etl.py took 0.294 seconds
[2021-08-02 03:17:44,023] {scheduler_job.py:181} INFO - Started process (PID=84312) to work on /Users/chuck/dev/DataEngineering.Labs.AirflowProject/airflow/lib/python3.9/site-packages/airflow/example_dags/tutorial_taskflow_api_etl.py
[2021-08-02 03:17:44,025] {scheduler_job.py:632} INFO - Processing file /Users/chuck/dev/DataEngineering.Labs.AirflowProject/airflow/lib/python3.9/site-packages/airflow/example_dags/tutorial_taskflow_api_etl.py for tasks to queue
[2021-08-02 03:17:44,026] {logging_mixin.py:104} INFO - [2021-08-02 03:17:44,025] {dagbag.py:496} INFO - Filling up the DagBag from /Users/chuck/dev/DataEngineering.Labs.AirflowProject/airflow/lib/python3.9/site-packages/airflow/example_dags/tutorial_taskflow_api_etl.py
[2021-08-02 03:17:44,043] {scheduler_job.py:642} INFO - DAG(s) dict_keys(['tutorial_taskflow_api_etl']) retrieved from /Users/chuck/dev/DataEngineering.Labs.AirflowProject/airflow/lib/python3.9/site-packages/airflow/example_dags/tutorial_taskflow_api_etl.py
[2021-08-02 03:17:44,436] {logging_mixin.py:104} INFO - [2021-08-02 03:17:44,436] {dag.py:1833} INFO - Sync 1 DAGs
[2021-08-02 03:17:44,449] {logging_mixin.py:104} INFO - [2021-08-02 03:17:44,449] {dag.py:2306} INFO - Setting next_dagrun for tutorial_taskflow_api_etl to None
[2021-08-02 03:17:44,459] {scheduler_job.py:189} INFO - Processing /Users/chuck/dev/DataEngineering.Labs.AirflowProject/airflow/lib/python3.9/site-packages/airflow/example_dags/tutorial_taskflow_api_etl.py took 0.436 seconds
