[2021-08-02 03:12:11,946] {scheduler_job.py:181} INFO - Started process (PID=84057) to work on /Users/chuck/dev/DataEngineering.Labs.AirflowProject/airflow/lib/python3.9/site-packages/airflow/example_dags/tutorial.py
[2021-08-02 03:12:11,946] {scheduler_job.py:632} INFO - Processing file /Users/chuck/dev/DataEngineering.Labs.AirflowProject/airflow/lib/python3.9/site-packages/airflow/example_dags/tutorial.py for tasks to queue
[2021-08-02 03:12:11,946] {logging_mixin.py:104} INFO - [2021-08-02 03:12:11,946] {dagbag.py:496} INFO - Filling up the DagBag from /Users/chuck/dev/DataEngineering.Labs.AirflowProject/airflow/lib/python3.9/site-packages/airflow/example_dags/tutorial.py
[2021-08-02 03:12:11,968] {scheduler_job.py:642} INFO - DAG(s) dict_keys(['tutorial']) retrieved from /Users/chuck/dev/DataEngineering.Labs.AirflowProject/airflow/lib/python3.9/site-packages/airflow/example_dags/tutorial.py
[2021-08-02 03:12:12,364] {logging_mixin.py:104} INFO - [2021-08-02 03:12:12,364] {dag.py:1833} INFO - Sync 1 DAGs
[2021-08-02 03:12:12,371] {logging_mixin.py:104} INFO - [2021-08-02 03:12:12,371] {dag.py:2306} INFO - Setting next_dagrun for tutorial to 2021-07-31 00:00:00+00:00
[2021-08-02 03:12:12,389] {scheduler_job.py:189} INFO - Processing /Users/chuck/dev/DataEngineering.Labs.AirflowProject/airflow/lib/python3.9/site-packages/airflow/example_dags/tutorial.py took 0.444 seconds
[2021-08-02 03:13:52,159] {scheduler_job.py:181} INFO - Started process (PID=84123) to work on /Users/chuck/dev/DataEngineering.Labs.AirflowProject/airflow/lib/python3.9/site-packages/airflow/example_dags/tutorial.py
[2021-08-02 03:13:52,169] {scheduler_job.py:632} INFO - Processing file /Users/chuck/dev/DataEngineering.Labs.AirflowProject/airflow/lib/python3.9/site-packages/airflow/example_dags/tutorial.py for tasks to queue
[2021-08-02 03:13:52,170] {logging_mixin.py:104} INFO - [2021-08-02 03:13:52,170] {dagbag.py:496} INFO - Filling up the DagBag from /Users/chuck/dev/DataEngineering.Labs.AirflowProject/airflow/lib/python3.9/site-packages/airflow/example_dags/tutorial.py
[2021-08-02 03:13:52,216] {scheduler_job.py:642} INFO - DAG(s) dict_keys(['tutorial']) retrieved from /Users/chuck/dev/DataEngineering.Labs.AirflowProject/airflow/lib/python3.9/site-packages/airflow/example_dags/tutorial.py
[2021-08-02 03:13:52,333] {logging_mixin.py:104} INFO - [2021-08-02 03:13:52,333] {dag.py:1833} INFO - Sync 1 DAGs
[2021-08-02 03:13:52,350] {logging_mixin.py:104} INFO - [2021-08-02 03:13:52,350] {dag.py:2306} INFO - Setting next_dagrun for tutorial to 2021-07-31 00:00:00+00:00
[2021-08-02 03:13:52,363] {scheduler_job.py:189} INFO - Processing /Users/chuck/dev/DataEngineering.Labs.AirflowProject/airflow/lib/python3.9/site-packages/airflow/example_dags/tutorial.py took 0.210 seconds
[2021-08-02 03:15:26,891] {scheduler_job.py:181} INFO - Started process (PID=84195) to work on /Users/chuck/dev/DataEngineering.Labs.AirflowProject/airflow/lib/python3.9/site-packages/airflow/example_dags/tutorial.py
[2021-08-02 03:15:26,892] {scheduler_job.py:632} INFO - Processing file /Users/chuck/dev/DataEngineering.Labs.AirflowProject/airflow/lib/python3.9/site-packages/airflow/example_dags/tutorial.py for tasks to queue
[2021-08-02 03:15:26,892] {logging_mixin.py:104} INFO - [2021-08-02 03:15:26,892] {dagbag.py:496} INFO - Filling up the DagBag from /Users/chuck/dev/DataEngineering.Labs.AirflowProject/airflow/lib/python3.9/site-packages/airflow/example_dags/tutorial.py
[2021-08-02 03:15:26,903] {scheduler_job.py:642} INFO - DAG(s) dict_keys(['tutorial']) retrieved from /Users/chuck/dev/DataEngineering.Labs.AirflowProject/airflow/lib/python3.9/site-packages/airflow/example_dags/tutorial.py
[2021-08-02 03:15:26,945] {logging_mixin.py:104} INFO - [2021-08-02 03:15:26,944] {dag.py:1833} INFO - Sync 1 DAGs
[2021-08-02 03:15:26,954] {logging_mixin.py:104} INFO - [2021-08-02 03:15:26,954] {dag.py:2306} INFO - Setting next_dagrun for tutorial to 2021-07-31 00:00:00+00:00
[2021-08-02 03:15:26,961] {scheduler_job.py:189} INFO - Processing /Users/chuck/dev/DataEngineering.Labs.AirflowProject/airflow/lib/python3.9/site-packages/airflow/example_dags/tutorial.py took 0.071 seconds
[2021-08-02 03:16:24,630] {scheduler_job.py:181} INFO - Started process (PID=84237) to work on /Users/chuck/dev/DataEngineering.Labs.AirflowProject/airflow/lib/python3.9/site-packages/airflow/example_dags/tutorial.py
[2021-08-02 03:16:24,630] {scheduler_job.py:632} INFO - Processing file /Users/chuck/dev/DataEngineering.Labs.AirflowProject/airflow/lib/python3.9/site-packages/airflow/example_dags/tutorial.py for tasks to queue
[2021-08-02 03:16:24,631] {logging_mixin.py:104} INFO - [2021-08-02 03:16:24,631] {dagbag.py:496} INFO - Filling up the DagBag from /Users/chuck/dev/DataEngineering.Labs.AirflowProject/airflow/lib/python3.9/site-packages/airflow/example_dags/tutorial.py
[2021-08-02 03:16:24,639] {scheduler_job.py:642} INFO - DAG(s) dict_keys(['tutorial']) retrieved from /Users/chuck/dev/DataEngineering.Labs.AirflowProject/airflow/lib/python3.9/site-packages/airflow/example_dags/tutorial.py
[2021-08-02 03:16:24,749] {logging_mixin.py:104} INFO - [2021-08-02 03:16:24,749] {dag.py:1833} INFO - Sync 1 DAGs
[2021-08-02 03:16:24,764] {logging_mixin.py:104} INFO - [2021-08-02 03:16:24,764] {dag.py:2306} INFO - Setting next_dagrun for tutorial to 2021-07-31 00:00:00+00:00
[2021-08-02 03:16:24,776] {scheduler_job.py:189} INFO - Processing /Users/chuck/dev/DataEngineering.Labs.AirflowProject/airflow/lib/python3.9/site-packages/airflow/example_dags/tutorial.py took 0.146 seconds
[2021-08-02 03:17:07,535] {scheduler_job.py:181} INFO - Started process (PID=84292) to work on /Users/chuck/dev/DataEngineering.Labs.AirflowProject/airflow/lib/python3.9/site-packages/airflow/example_dags/tutorial.py
[2021-08-02 03:17:07,535] {scheduler_job.py:632} INFO - Processing file /Users/chuck/dev/DataEngineering.Labs.AirflowProject/airflow/lib/python3.9/site-packages/airflow/example_dags/tutorial.py for tasks to queue
[2021-08-02 03:17:07,536] {logging_mixin.py:104} INFO - [2021-08-02 03:17:07,536] {dagbag.py:496} INFO - Filling up the DagBag from /Users/chuck/dev/DataEngineering.Labs.AirflowProject/airflow/lib/python3.9/site-packages/airflow/example_dags/tutorial.py
[2021-08-02 03:17:07,546] {scheduler_job.py:642} INFO - DAG(s) dict_keys(['tutorial']) retrieved from /Users/chuck/dev/DataEngineering.Labs.AirflowProject/airflow/lib/python3.9/site-packages/airflow/example_dags/tutorial.py
[2021-08-02 03:17:07,575] {logging_mixin.py:104} INFO - [2021-08-02 03:17:07,575] {dag.py:1833} INFO - Sync 1 DAGs
[2021-08-02 03:17:07,581] {logging_mixin.py:104} INFO - [2021-08-02 03:17:07,581] {dag.py:2306} INFO - Setting next_dagrun for tutorial to 2021-07-31 00:00:00+00:00
[2021-08-02 03:17:07,588] {scheduler_job.py:189} INFO - Processing /Users/chuck/dev/DataEngineering.Labs.AirflowProject/airflow/lib/python3.9/site-packages/airflow/example_dags/tutorial.py took 0.054 seconds
